CMSIS_AGDI.DLL - CMSIS-DAP Driver Log

07:50:53:258 (13/05/2023) - WRITE DP  Access, Addr 0x00000008, Val 0x00000000, "DAP Write DP - Success" - ID 0
07:50:53:260 (13/05/2023) - WRITE DP  Access, Addr 0x00000004, Val 0x50000000, "DAP Write DP - Success" - ID 1
07:50:53:262 (13/05/2023) - READ  DP  Access, Addr 0x00000004, Val 0xF0000040, "DAP Read DP - Success" - ID 2
07:50:53:264 (13/05/2023) - WRITE DP  Access, Addr 0x00000000, Val 0x0000001E, "DAP Write DP - Success" - ID 3
07:50:53:267 (13/05/2023) - WRITE DP  Access, Addr 0x00000004, Val 0x50000F00, "DAP Write DP - Success" - ID 4
07:50:53:281 (13/05/2023) - READ  AP  Access, AP 0x00000000, Addr 0x000000FC, Val 0x24770011, "DAP Read AP - Success" - ID 5
07:50:53:281 (13/05/2023) - READ  AP  Access, AP 0x00000000, Addr 0x000000FC, Val 0x24770011, "SWD Read AP - Success" - ID 6
07:50:53:293 (13/05/2023) - WRITE AP  Access, AP 0x00000000, Addr 0x00000000, Val 0x23000052, "DAP Write AP - Success" - ID 7
07:50:53:297 (13/05/2023) - READ  AP  Access, AP 0x00000000, Addr 0x000000F8, Val 0xE00FF003, "DAP Read AP - Success" - ID 8
07:50:53:305 (13/05/2023) - READ  MEM BLOCK Access, AP 0x00000000, Start Addr 0xE00FFFF0, End Addr 0xE00FFFFF, "DAP Read Memory Block - Success" - ID 9
  Item #0, AP 0, Addr 0xE00FFFF0, Value 0x0000000D
  Item #1, AP 0, Addr 0xE00FFFF4, Value 0x00000010
  Item #2, AP 0, Addr 0xE00FFFF8, Value 0x00000005
  Item #3, AP 0, Addr 0xE00FFFFC, Value 0x000000B1
07:50:53:311 (13/05/2023) - READ  MEM BLOCK Access, AP 0x00000000, Start Addr 0xE00FFFD0, End Addr 0xE00FFFEF, "DAP Read Memory Block - Success" - ID 10
  Item #0, AP 0, Addr 0xE00FFFD0, Value 0x00000007
  Item #1, AP 0, Addr 0xE00FFFD4, Value 0x00000000
  Item #2, AP 0, Addr 0xE00FFFD8, Value 0x00000000
  Item #3, AP 0, Addr 0xE00FFFDC, Value 0x00000000
  Item #4, AP 0, Addr 0xE00FFFE0, Value 0x000000A1
  Item #5, AP 0, Addr 0xE00FFFE4, Value 0x00000015
  Item #6, AP 0, Addr 0xE00FFFE8, Value 0x0000000D
  Item #7, AP 0, Addr 0xE00FFFEC, Value 0x00000000
07:50:53:311 (13/05/2023) - ROM TABLE: Detected Unknown ROM Table at address 0xE00FF000 (PID 0x00000007000D15A1, CID 0xB105100D)
07:50:53:313 (13/05/2023) - READ  MEM Access, AP 0x00000000, Addr 0xE00FF000, Val 0xFFF0F003, "DAP Read Memory (32 bit) - Success" - ID 11
07:50:53:319 (13/05/2023) - READ  MEM BLOCK Access, AP 0x00000000, Start Addr 0xE000EFF0, End Addr 0xE000EFFF, "DAP Read Memory Block - Success" - ID 12
  Item #0, AP 0, Addr 0xE000EFF0, Value 0x0000000D
  Item #1, AP 0, Addr 0xE000EFF4, Value 0x000000E0
  Item #2, AP 0, Addr 0xE000EFF8, Value 0x00000005
  Item #3, AP 0, Addr 0xE000EFFC, Value 0x000000B1
07:50:53:325 (13/05/2023) - READ  MEM BLOCK Access, AP 0x00000000, Start Addr 0xE000EFD0, End Addr 0xE000EFEF, "DAP Read Memory Block - Success" - ID 13
  Item #0, AP 0, Addr 0xE000EFD0, Value 0x00000004
  Item #1, AP 0, Addr 0xE000EFD4, Value 0x00000000
  Item #2, AP 0, Addr 0xE000EFD8, Value 0x00000000
  Item #3, AP 0, Addr 0xE000EFDC, Value 0x00000000
  Item #4, AP 0, Addr 0xE000EFE0, Value 0x0000000C
  Item #5, AP 0, Addr 0xE000EFE4, Value 0x000000B0
  Item #6, AP 0, Addr 0xE000EFE8, Value 0x0000000B
  Item #7, AP 0, Addr 0xE000EFEC, Value 0x00000000
07:50:53:327 (13/05/2023) - WRITE MEM Access, AP 0x00000000, Addr 0xE000EDFC, Val 0x01000000, "DAP Write Memory (32 bit) - Success" - ID 14
07:50:53:327 (13/05/2023) - ROM TABLE: Detected SCS (ARMv7-M with FP Extension) at address 0xE000E000 (PID 0x00000004000BB00C, CID 0xB105E00D)
07:50:53:329 (13/05/2023) - READ  MEM Access, AP 0x00000000, Addr 0xE00FF004, Val 0xFFF02003, "DAP Read Memory (32 bit) - Success" - ID 15
07:50:53:335 (13/05/2023) - READ  MEM BLOCK Access, AP 0x00000000, Start Addr 0xE0001FF0, End Addr 0xE0001FFF, "DAP Read Memory Block - Success" - ID 16
  Item #0, AP 0, Addr 0xE0001FF0, Value 0x0000000D
  Item #1, AP 0, Addr 0xE0001FF4, Value 0x000000E0
  Item #2, AP 0, Addr 0xE0001FF8, Value 0x00000005
  Item #3, AP 0, Addr 0xE0001FFC, Value 0x000000B1
07:50:53:341 (13/05/2023) - READ  MEM BLOCK Access, AP 0x00000000, Start Addr 0xE0001FD0, End Addr 0xE0001FEF, "DAP Read Memory Block - Success" - ID 17
  Item #0, AP 0, Addr 0xE0001FD0, Value 0x00000004
  Item #1, AP 0, Addr 0xE0001FD4, Value 0x00000000
  Item #2, AP 0, Addr 0xE0001FD8, Value 0x00000000
  Item #3, AP 0, Addr 0xE0001FDC, Value 0x00000000
  Item #4, AP 0, Addr 0xE0001FE0, Value 0x00000002
  Item #5, AP 0, Addr 0xE0001FE4, Value 0x000000B0
  Item #6, AP 0, Addr 0xE0001FE8, Value 0x0000003B
  Item #7, AP 0, Addr 0xE0001FEC, Value 0x00000000
07:50:53:341 (13/05/2023) - ROM TABLE: Detected DWT (ARMv7-M) at address 0xE0001000 (PID 0x00000004003BB002, CID 0xB105E00D)
07:50:53:343 (13/05/2023) - READ  MEM Access, AP 0x00000000, Addr 0xE00FF008, Val 0xFFF03003, "DAP Read Memory (32 bit) - Success" - ID 18
07:50:53:349 (13/05/2023) - READ  MEM BLOCK Access, AP 0x00000000, Start Addr 0xE0002FF0, End Addr 0xE0002FFF, "DAP Read Memory Block - Success" - ID 19
  Item #0, AP 0, Addr 0xE0002FF0, Value 0x0000000D
  Item #1, AP 0, Addr 0xE0002FF4, Value 0x000000E0
  Item #2, AP 0, Addr 0xE0002FF8, Value 0x00000005
  Item #3, AP 0, Addr 0xE0002FFC, Value 0x000000B1
07:50:53:355 (13/05/2023) - READ  MEM BLOCK Access, AP 0x00000000, Start Addr 0xE0002FD0, End Addr 0xE0002FEF, "DAP Read Memory Block - Success" - ID 20
  Item #0, AP 0, Addr 0xE0002FD0, Value 0x00000004
  Item #1, AP 0, Addr 0xE0002FD4, Value 0x00000000
  Item #2, AP 0, Addr 0xE0002FD8, Value 0x00000000
  Item #3, AP 0, Addr 0xE0002FDC, Value 0x00000000
  Item #4, AP 0, Addr 0xE0002FE0, Value 0x00000003
  Item #5, AP 0, Addr 0xE0002FE4, Value 0x000000B0
  Item #6, AP 0, Addr 0xE0002FE8, Value 0x0000002B
  Item #7, AP 0, Addr 0xE0002FEC, Value 0x00000000
07:50:53:355 (13/05/2023) - ROM TABLE: Detected FPB (ARMv7-M) at address 0xE0002000 (PID 0x00000004002BB003, CID 0xB105E00D)
07:50:53:357 (13/05/2023) - READ  MEM Access, AP 0x00000000, Addr 0xE00FF00C, Val 0xFFF01003, "DAP Read Memory (32 bit) - Success" - ID 21
07:50:53:363 (13/05/2023) - READ  MEM BLOCK Access, AP 0x00000000, Start Addr 0xE0000FF0, End Addr 0xE0000FFF, "DAP Read Memory Block - Success" - ID 22
  Item #0, AP 0, Addr 0xE0000FF0, Value 0x0000000D
  Item #1, AP 0, Addr 0xE0000FF4, Value 0x000000E0
  Item #2, AP 0, Addr 0xE0000FF8, Value 0x00000005
  Item #3, AP 0, Addr 0xE0000FFC, Value 0x000000B1
07:50:53:369 (13/05/2023) - READ  MEM BLOCK Access, AP 0x00000000, Start Addr 0xE0000FD0, End Addr 0xE0000FEF, "DAP Read Memory Block - Success" - ID 23
  Item #0, AP 0, Addr 0xE0000FD0, Value 0x00000004
  Item #1, AP 0, Addr 0xE0000FD4, Value 0x00000000
  Item #2, AP 0, Addr 0xE0000FD8, Value 0x00000000
  Item #3, AP 0, Addr 0xE0000FDC, Value 0x00000000
  Item #4, AP 0, Addr 0xE0000FE0, Value 0x00000001
  Item #5, AP 0, Addr 0xE0000FE4, Value 0x000000B0
  Item #6, AP 0, Addr 0xE0000FE8, Value 0x0000003B
  Item #7, AP 0, Addr 0xE0000FEC, Value 0x00000000
07:50:53:369 (13/05/2023) - ROM TABLE: Detected ITM (ARMv7-M) at address 0xE0000000 (PID 0x00000004003BB001, CID 0xB105E00D)
07:50:53:371 (13/05/2023) - READ  MEM Access, AP 0x00000000, Addr 0xE00FF010, Val 0xFFF41003, "DAP Read Memory (32 bit) - Success" - ID 24
07:50:53:376 (13/05/2023) - READ  MEM BLOCK Access, AP 0x00000000, Start Addr 0xE0040FF0, End Addr 0xE0040FFF, "DAP Read Memory Block - Success" - ID 25
  Item #0, AP 0, Addr 0xE0040FF0, Value 0x0000000D
  Item #1, AP 0, Addr 0xE0040FF4, Value 0x00000090
  Item #2, AP 0, Addr 0xE0040FF8, Value 0x00000005
  Item #3, AP 0, Addr 0xE0040FFC, Value 0x000000B1
07:50:53:383 (13/05/2023) - READ  MEM BLOCK Access, AP 0x00000000, Start Addr 0xE0040FD0, End Addr 0xE0040FEF, "DAP Read Memory Block - Success" - ID 26
  Item #0, AP 0, Addr 0xE0040FD0, Value 0x00000004
  Item #1, AP 0, Addr 0xE0040FD4, Value 0x00000000
  Item #2, AP 0, Addr 0xE0040FD8, Value 0x00000000
  Item #3, AP 0, Addr 0xE0040FDC, Value 0x00000000
  Item #4, AP 0, Addr 0xE0040FE0, Value 0x000000A1
  Item #5, AP 0, Addr 0xE0040FE4, Value 0x000000B9
  Item #6, AP 0, Addr 0xE0040FE8, Value 0x0000000B
  Item #7, AP 0, Addr 0xE0040FEC, Value 0x00000000
07:50:53:383 (13/05/2023) - ROM TABLE: Detected TPIU (Cortex-M4) at address 0xE0040000 (PID 0x00000004000BB9A1, CID 0xB105900D)
07:50:53:385 (13/05/2023) - READ  MEM Access, AP 0x00000000, Addr 0xE00FF014, Val 0xFFF42003, "DAP Read Memory (32 bit) - Success" - ID 27
07:50:53:391 (13/05/2023) - READ  MEM BLOCK Access, AP 0x00000000, Start Addr 0xE0041FF0, End Addr 0xE0041FFF, "DAP Read Memory Block - Success" - ID 28
  Item #0, AP 0, Addr 0xE0041FF0, Value 0x00000000
  Item #1, AP 0, Addr 0xE0041FF4, Value 0x00000000
  Item #2, AP 0, Addr 0xE0041FF8, Value 0x00000000
  Item #3, AP 0, Addr 0xE0041FFC, Value 0x00000000
07:50:53:397 (13/05/2023) - READ  MEM BLOCK Access, AP 0x00000000, Start Addr 0xE0041FD0, End Addr 0xE0041FEF, "DAP Read Memory Block - Success" - ID 29
  Item #0, AP 0, Addr 0xE0041FD0, Value 0x00000000
  Item #1, AP 0, Addr 0xE0041FD4, Value 0x00000000
  Item #2, AP 0, Addr 0xE0041FD8, Value 0x00000000
  Item #3, AP 0, Addr 0xE0041FDC, Value 0x00000000
  Item #4, AP 0, Addr 0xE0041FE0, Value 0x00000000
  Item #5, AP 0, Addr 0xE0041FE4, Value 0x00000000
  Item #6, AP 0, Addr 0xE0041FE8, Value 0x00000000
  Item #7, AP 0, Addr 0xE0041FEC, Value 0x00000000
07:50:53:397 (13/05/2023) - ROM TABLE: Detected Component with empty PID at address 0xE0041000 (PID 0x0000000000000000, CID 0x00000000)
07:50:53:397 (13/05/2023) - ROM TABLE: Detected Component with empty PID at address 0xE0041000 (PID 0x0000000000000000, CID 0x00000000)
07:50:53:399 (13/05/2023) - READ  MEM Access, AP 0x00000000, Addr 0xE00FF018, Val 0x00000000, "DAP Read Memory (32 bit) - Success" - ID 30
07:50:53:400 (13/05/2023) - READ  MEM Access, AP 0x00000000, Addr 0xE000ED00, Val 0x410FC241, "DAP Read Memory (32 bit) - Success" - ID 31
07:50:53:403 (13/05/2023) - READ  MEM Access, AP 0x00000000, Addr 0xE000EF40, Val 0x10110021, "DAP Read Memory (32 bit) - Success" - ID 32
07:50:53:405 (13/05/2023) - READ  MEM Access, AP 0x00000000, Addr 0xE000EF44, Val 0x11000011, "DAP Read Memory (32 bit) - Success" - ID 33
07:50:53:407 (13/05/2023) - READ  DP  Access, Addr 0x00000004, Val 0xF0000F40, "DAP Read DP - Success" - ID 34
07:50:53:409 (13/05/2023) - WRITE MEM Access, AP 0x00000000, Addr 0xE000EDFC, Val 0x00000001, "DAP Write Memory (32 bit) - Success" - ID 35
07:50:53:411 (13/05/2023) - WRITE MEM Access, AP 0x00000000, Addr 0xE000EDF0, Val 0xA05F0003, "DAP Write Memory (32 bit) - Success" - ID 36
07:50:53:413 (13/05/2023) - READ  MEM Access, AP 0x00000000, Addr 0xE000EDF0, Val 0x01030003, "DAP Read Memory (32 bit) - Success" - ID 37
07:50:53:415 (13/05/2023) - WRITE MEM Access, AP 0x00000000, Addr 0xE000EDF0, Val 0xA05F0003, "DAP Write Memory (32 bit) - Success" - ID 38
07:50:53:417 (13/05/2023) - WRITE MEM Access, AP 0x00000000, Addr 0xE000EDFC, Val 0x01000001, "DAP Write Memory (32 bit) - Success" - ID 39
07:50:53:419 (13/05/2023) - READ  MEM Access, AP 0x00000000, Addr 0xE0002000, Val 0x00000260, "DAP Read Memory (32 bit) - Success" - ID 40
07:50:53:421 (13/05/2023) - READ  MEM Access, AP 0x00000000, Addr 0xE0001000, Val 0x40000001, "DAP Read Memory (32 bit) - Success" - ID 41
07:50:53:423 (13/05/2023) - WRITE MEM Access, AP 0x00000000, Addr 0xE0001024, Val 0x0000001F, "DAP Write Memory (32 bit) - Success" - ID 42
07:50:53:425 (13/05/2023) - READ  MEM Access, AP 0x00000000, Addr 0xE0001024, Val 0x0000000F, "DAP Read Memory (32 bit) - Success" - ID 43
07:50:53:427 (13/05/2023) - WRITE MEM Access, AP 0x00000000, Addr 0xE0001024, Val 0x00000000, "DAP Write Memory (32 bit) - Success" - ID 44
07:50:53:429 (13/05/2023) - WRITE MEM Access, AP 0x00000000, Addr 0xE0001028, Val 0x00000100, "DAP Write Memory (32 bit) - Success" - ID 45
07:50:53:431 (13/05/2023) - READ  MEM Access, AP 0x00000000, Addr 0xE0001028, Val 0x00000000, "DAP Read Memory (32 bit) - Success" - ID 46
07:50:53:433 (13/05/2023) - WRITE MEM Access, AP 0x00000000, Addr 0xE0001028, Val 0x00000080, "DAP Write Memory (32 bit) - Success" - ID 47
07:50:53:435 (13/05/2023) - READ  MEM Access, AP 0x00000000, Addr 0xE0001028, Val 0x00000080, "DAP Read Memory (32 bit) - Success" - ID 48
07:50:53:437 (13/05/2023) - WRITE MEM Access, AP 0x00000000, Addr 0xE0001028, Val 0x00000000, "DAP Write Memory (32 bit) - Success" - ID 49
07:50:53:439 (13/05/2023) - WRITE MEM Access, AP 0x00000000, Addr 0xE0001038, Val 0x00000100, "DAP Write Memory (32 bit) - Success" - ID 50
07:50:53:441 (13/05/2023) - READ  MEM Access, AP 0x00000000, Addr 0xE0001038, Val 0x00000300, "DAP Read Memory (32 bit) - Success" - ID 51
07:50:53:443 (13/05/2023) - WRITE MEM Access, AP 0x00000000, Addr 0xE0001038, Val 0x00000080, "DAP Write Memory (32 bit) - Success" - ID 52
07:50:53:445 (13/05/2023) - READ  MEM Access, AP 0x00000000, Addr 0xE0001038, Val 0x00000200, "DAP Read Memory (32 bit) - Success" - ID 53
07:50:53:447 (13/05/2023) - WRITE MEM Access, AP 0x00000000, Addr 0xE0001038, Val 0x00000000, "DAP Write Memory (32 bit) - Success" - ID 54
07:50:53:449 (13/05/2023) - WRITE MEM Access, AP 0x00000000, Addr 0xE0001048, Val 0x00000100, "DAP Write Memory (32 bit) - Success" - ID 55
07:50:53:451 (13/05/2023) - READ  MEM Access, AP 0x00000000, Addr 0xE0001048, Val 0x00000000, "DAP Read Memory (32 bit) - Success" - ID 56
07:50:53:453 (13/05/2023) - WRITE MEM Access, AP 0x00000000, Addr 0xE0001048, Val 0x00000080, "DAP Write Memory (32 bit) - Success" - ID 57
07:50:53:455 (13/05/2023) - READ  MEM Access, AP 0x00000000, Addr 0xE0001048, Val 0x00000000, "DAP Read Memory (32 bit) - Success" - ID 58
07:50:53:457 (13/05/2023) - WRITE MEM Access, AP 0x00000000, Addr 0xE0001048, Val 0x00000000, "DAP Write Memory (32 bit) - Success" - ID 59
07:50:53:459 (13/05/2023) - WRITE MEM Access, AP 0x00000000, Addr 0xE0001058, Val 0x00000100, "DAP Write Memory (32 bit) - Success" - ID 60
07:50:53:461 (13/05/2023) - READ  MEM Access, AP 0x00000000, Addr 0xE0001058, Val 0x00000000, "DAP Read Memory (32 bit) - Success" - ID 61
07:50:53:463 (13/05/2023) - WRITE MEM Access, AP 0x00000000, Addr 0xE0001058, Val 0x00000080, "DAP Write Memory (32 bit) - Success" - ID 62
07:50:53:465 (13/05/2023) - READ  MEM Access, AP 0x00000000, Addr 0xE0001058, Val 0x00000000, "DAP Read Memory (32 bit) - Success" - ID 63
07:50:53:467 (13/05/2023) - WRITE MEM Access, AP 0x00000000, Addr 0xE0001058, Val 0x00000000, "DAP Write Memory (32 bit) - Success" - ID 64
07:50:53:469 (13/05/2023) - WRITE MEM Access, AP 0x00000000, Addr 0xE0002000, Val 0x00000002, "DAP Write Memory (32 bit) - Success" - ID 65
07:50:53:471 (13/05/2023) - WRITE MEM Access, AP 0x00000000, Addr 0xE0001028, Val 0x00000000, "DAP Write Memory (32 bit) - Success" - ID 66
07:50:53:473 (13/05/2023) - WRITE MEM Access, AP 0x00000000, Addr 0xE0001038, Val 0x00000000, "DAP Write Memory (32 bit) - Success" - ID 67
07:50:53:475 (13/05/2023) - WRITE MEM Access, AP 0x00000000, Addr 0xE0001048, Val 0x00000000, "DAP Write Memory (32 bit) - Success" - ID 68
07:50:53:477 (13/05/2023) - WRITE MEM Access, AP 0x00000000, Addr 0xE0001058, Val 0x00000000, "DAP Write Memory (32 bit) - Success" - ID 69
07:50:53:479 (13/05/2023) - READ  MEM Access, AP 0x00000000, Addr 0xE000E004, Val 0x00000002, "DAP Read Memory (32 bit) - Success" - ID 70
07:50:53:485 (13/05/2023) - WRITE MEM BLOCK Access, AP 0x00000000, Start Addr 0xE0001000, End Addr 0xE000101B, "DAP Write Memory Block - Success" - ID 71
  Item #0, AP 0, Addr 0xE0001000, Value 0x00000001
  Item #1, AP 0, Addr 0xE0001004, Value 0x00000000
  Item #2, AP 0, Addr 0xE0001008, Value 0x00000000
  Item #3, AP 0, Addr 0xE000100C, Value 0x00000000
  Item #4, AP 0, Addr 0xE0001010, Value 0x00000000
  Item #5, AP 0, Addr 0xE0001014, Value 0x00000000
  Item #6, AP 0, Addr 0xE0001018, Value 0x00000000
07:50:53:496 (13/05/2023) - WRITE MEM Access, AP 0x00000000, Addr 0xE000EDFC, Val 0x00000001, "DAP Write Memory (32 bit) - Success" - ID 72
07:50:53:498 (13/05/2023) - READ  MEM Access, AP 0x00000000, Addr 0xE000EDF0, Val 0x00030003, "DAP Read Memory (32 bit) - Success" - ID 73
07:50:53:500 (13/05/2023) - WRITE MEM Access, AP 0x00000000, Addr 0xE000ED0C, Val 0x05FA0004, "DAP Write Memory (32 bit) - Success" - ID 74
07:50:53:502 (13/05/2023) - READ  MEM Access, AP 0x00000000, Addr 0xE000EDF0, Val 0x02030003, "DAP Read Memory (32 bit) - Success" - ID 75
07:50:53:504 (13/05/2023) - READ  MEM Access, AP 0x00000000, Addr 0xE000EDF0, Val 0x00030003, "DAP Read Memory (32 bit) - Success" - ID 76
07:50:53:514 (13/05/2023) - READ  MEM Access, AP 0x00000000, Addr 0xE000EDF0, Val 0x00030003, "DAP Read Memory (32 bit) - Success" - ID 77
07:50:53:516 (13/05/2023) - READ  MEM Access, AP 0x00000000, Addr 0xE000EDF0, Val 0x00030003, "DAP Read Memory (32 bit) - Success" - ID 78
07:50:53:539 (13/05/2023) - READ  MEM BLOCK Access, AP 0x00000000, Start Addr 0xE0001004, End Addr 0xE0001007, "DAP Read Memory Block - Success" - ID 79
  Item #0, AP 0, Addr 0xE0001004, Value 0x00000000
07:50:53:685 (13/05/2023) - WRITE MEM Access, AP 0x00000000, Addr 0xE000EDFC, Val 0x00000001, "DAP Write Memory (32 bit) - Success" - ID 80
07:50:53:687 (13/05/2023) - READ  MEM Access, AP 0x00000000, Addr 0xE000EDF0, Val 0x00030003, "DAP Read Memory (32 bit) - Success" - ID 81
07:50:53:784 (13/05/2023) - WRITE MEM Access, AP 0x00000000, Addr 0xE0001008, Val 0x00000000, "DAP Write Memory (32 bit) - Success" - ID 82
07:50:53:786 (13/05/2023) - WRITE MEM Access, AP 0x00000000, Addr 0xE000100C, Val 0x00000000, "DAP Write Memory (32 bit) - Success" - ID 83
07:50:53:788 (13/05/2023) - WRITE MEM Access, AP 0x00000000, Addr 0xE0001010, Val 0x00000000, "DAP Write Memory (32 bit) - Success" - ID 84
07:50:53:790 (13/05/2023) - WRITE MEM Access, AP 0x00000000, Addr 0xE0001014, Val 0x00000000, "DAP Write Memory (32 bit) - Success" - ID 85
07:50:53:791 (13/05/2023) - WRITE MEM Access, AP 0x00000000, Addr 0xE0001018, Val 0x00000000, "DAP Write Memory (32 bit) - Success" - ID 86
07:50:53:797 (13/05/2023) - WRITE MEM Access, AP 0x00000000, Addr 0xE000ED0C, Val 0x05FA0004, "DAP Write Memory (32 bit) - Success" - ID 87
07:50:53:799 (13/05/2023) - READ  MEM Access, AP 0x00000000, Addr 0xE000EDF0, Val 0x02030003, "DAP Read Memory (32 bit) - Success" - ID 88
07:50:53:800 (13/05/2023) - READ  MEM Access, AP 0x00000000, Addr 0xE000EDF0, Val 0x00030003, "DAP Read Memory (32 bit) - Success" - ID 89
07:50:53:811 (13/05/2023) - READ  MEM Access, AP 0x00000000, Addr 0xE000EDF0, Val 0x00030003, "DAP Read Memory (32 bit) - Success" - ID 90
07:50:53:813 (13/05/2023) - READ  MEM Access, AP 0x00000000, Addr 0xE000EDF0, Val 0x00030003, "DAP Read Memory (32 bit) - Success" - ID 91
07:50:53:836 (13/05/2023) - READ  MEM BLOCK Access, AP 0x00000000, Start Addr 0x080001AC, End Addr 0x080001E7, "DAP Read Memory Block - Success" - ID 92
  Item #0, AP 0, Addr 0x080001AC, Value 0xD00CF8DF
  Item #1, AP 0, Addr 0x080001B0, Value 0xF818F000
  Item #2, AP 0, Addr 0x080001B4, Value 0x47004800
  Item #3, AP 0, Addr 0x080001B8, Value 0x0800057D
  Item #4, AP 0, Addr 0x080001BC, Value 0x20000410
  Item #5, AP 0, Addr 0x080001C0, Value 0x47804806
  Item #6, AP 0, Addr 0x080001C4, Value 0x47004806
  Item #7, AP 0, Addr 0x080001C8, Value 0xE7FEE7FE
  Item #8, AP 0, Addr 0x080001CC, Value 0xE7FEE7FE
  Item #9, AP 0, Addr 0x080001D0, Value 0xE7FEE7FE
  Item #10, AP 0, Addr 0x080001D4, Value 0xE7FEE7FE
  Item #11, AP 0, Addr 0x080001D8, Value 0xE7FEE7FE
  Item #12, AP 0, Addr 0x080001DC, Value 0x080002C5
  Item #13, AP 0, Addr 0x080001E0, Value 0x080001AD
  Item #14, AP 0, Addr 0x080001E4, Value 0x4D074C06
07:50:53:959 (13/05/2023) - WRITE MEM Access, AP 0x00000000, Addr 0xE0001008, Val 0x00000000, "DAP Write Memory (32 bit) - Success" - ID 93
07:50:53:961 (13/05/2023) - WRITE MEM Access, AP 0x00000000, Addr 0xE000100C, Val 0x00000000, "DAP Write Memory (32 bit) - Success" - ID 94
07:50:53:963 (13/05/2023) - WRITE MEM Access, AP 0x00000000, Addr 0xE0001010, Val 0x00000000, "DAP Write Memory (32 bit) - Success" - ID 95
07:50:53:965 (13/05/2023) - WRITE MEM Access, AP 0x00000000, Addr 0xE0001014, Val 0x00000000, "DAP Write Memory (32 bit) - Success" - ID 96
07:50:53:967 (13/05/2023) - WRITE MEM Access, AP 0x00000000, Addr 0xE0001018, Val 0x00000000, "DAP Write Memory (32 bit) - Success" - ID 97
07:50:54:083 (13/05/2023) - READ  MEM Access, AP 0x00000000, Addr 0xE000EDF0, Val 0x00030003, "DAP Read Memory (32 bit) - Success" - ID 98
07:50:54:335 (13/05/2023) - READ  MEM Access, AP 0x00000000, Addr 0xE000EDF0, Val 0x00030003, "DAP Read Memory (32 bit) - Success" - ID 99
07:50:54:589 (13/05/2023) - READ  MEM Access, AP 0x00000000, Addr 0xE000EDF0, Val 0x00030003, "DAP Read Memory (32 bit) - Success" - ID 100
07:50:54:842 (13/05/2023) - READ  MEM Access, AP 0x00000000, Addr 0xE000EDF0, Val 0x00030003, "DAP Read Memory (32 bit) - Success" - ID 101
07:50:55:108 (13/05/2023) - READ  MEM Access, AP 0x00000000, Addr 0xE000EDF0, Val 0x00030003, "DAP Read Memory (32 bit) - Success" - ID 102
07:50:55:361 (13/05/2023) - READ  MEM Access, AP 0x00000000, Addr 0xE000EDF0, Val 0x00030003, "DAP Read Memory (32 bit) - Success" - ID 103
07:50:55:613 (13/05/2023) - READ  MEM Access, AP 0x00000000, Addr 0xE000EDF0, Val 0x00030003, "DAP Read Memory (32 bit) - Success" - ID 104
07:50:55:820 (13/05/2023) - READ  MEM BLOCK Access, AP 0x00000000, Start Addr 0x08000604, End Addr 0x08000607, "DAP Read Memory Block - Success" - ID 105
  Item #0, AP 0, Addr 0x08000604, Value 0xFEDEF7FF
07:50:55:826 (13/05/2023) - WRITE MEM BLOCK Access, AP 0x00000000, Start Addr 0x08000604, End Addr 0x08000607, "DAP Write Memory Block - Success" - ID 106
  Item #0, AP 0, Addr 0x08000604, Value 0xFEDEBE00
07:50:55:832 (13/05/2023) - READ  MEM BLOCK Access, AP 0x00000000, Start Addr 0x08000604, End Addr 0x08000607, "DAP Read Memory Block - Success" - ID 107
  Item #0, AP 0, Addr 0x08000604, Value 0xFEDEF7FF
07:50:55:861 (13/05/2023) - READ  MEM BLOCK Access, AP 0x00000000, Start Addr 0x080001C0, End Addr 0x080001C1, "DAP Read Memory Block - Success" - ID 108
  Item #0, AP 0, Addr 0x080001C0, Value 0x4806
07:50:55:879 (13/05/2023) - READ  MEM Access, AP 0x00000000, Addr 0xE000EDF0, Val 0x00030003, "DAP Read Memory (32 bit) - Success" - ID 109
07:50:55:895 (13/05/2023) - WRITE MEM Access, AP 0x00000000, Addr 0xE0001008, Val 0x00000000, "DAP Write Memory (32 bit) - Success" - ID 110
07:50:55:897 (13/05/2023) - WRITE MEM Access, AP 0x00000000, Addr 0xE000100C, Val 0x00000000, "DAP Write Memory (32 bit) - Success" - ID 111
07:50:55:899 (13/05/2023) - WRITE MEM Access, AP 0x00000000, Addr 0xE0001010, Val 0x00000000, "DAP Write Memory (32 bit) - Success" - ID 112
07:50:55:901 (13/05/2023) - WRITE MEM Access, AP 0x00000000, Addr 0xE0001014, Val 0x00000000, "DAP Write Memory (32 bit) - Success" - ID 113
07:50:55:903 (13/05/2023) - WRITE MEM Access, AP 0x00000000, Addr 0xE0001018, Val 0x00000000, "DAP Write Memory (32 bit) - Success" - ID 114
07:50:55:911 (13/05/2023) - WRITE MEM BLOCK Access, AP 0x00000000, Start Addr 0xE0002000, End Addr 0xE000201F, "DAP Write Memory Block - Success" - ID 115
  Item #0, AP 0, Addr 0xE0002000, Value 0x00000003
  Item #1, AP 0, Addr 0xE0002004, Value 0x00000000
  Item #2, AP 0, Addr 0xE0002008, Value 0x4800057D
  Item #3, AP 0, Addr 0xE000200C, Value 0x48000605
  Item #4, AP 0, Addr 0xE0002010, Value 0x00000000
  Item #5, AP 0, Addr 0xE0002014, Value 0x00000000
  Item #6, AP 0, Addr 0xE0002018, Value 0x00000000
  Item #7, AP 0, Addr 0xE000201C, Value 0x00000000
07:50:55:918 (13/05/2023) - WRITE MEM BLOCK Access, AP 0x00000000, Start Addr 0xE0001020, End Addr 0xE000105F, "DAP Write Memory Block - Success" - ID 116
  Item #0, AP 0, Addr 0xE0001020, Value 0x00000000
  Item #1, AP 0, Addr 0xE0001024, Value 0x00000000
  Item #2, AP 0, Addr 0xE0001028, Value 0x00000000
  Item #3, AP 0, Addr 0xE000102C, Value 0x00000000
  Item #4, AP 0, Addr 0xE0001030, Value 0x00000000
  Item #5, AP 0, Addr 0xE0001034, Value 0x00000000
  Item #6, AP 0, Addr 0xE0001038, Value 0x00000000
  Item #7, AP 0, Addr 0xE000103C, Value 0x00000000
  Item #8, AP 0, Addr 0xE0001040, Value 0x00000000
  Item #9, AP 0, Addr 0xE0001044, Value 0x00000000
  Item #10, AP 0, Addr 0xE0001048, Value 0x00000000
  Item #11, AP 0, Addr 0xE000104C, Value 0x00000000
  Item #12, AP 0, Addr 0xE0001050, Value 0x00000000
  Item #13, AP 0, Addr 0xE0001054, Value 0x00000000
  Item #14, AP 0, Addr 0xE0001058, Value 0x00000000
  Item #15, AP 0, Addr 0xE000105C, Value 0x00000000
07:50:55:924 (13/05/2023) - WRITE MEM BLOCK Access, AP 0x00000000, Start Addr 0xE0001020, End Addr 0xE000105F, "DAP Write Memory Block - Success" - ID 117
  Item #0, AP 0, Addr 0xE0001020, Value 0x00000000
  Item #1, AP 0, Addr 0xE0001024, Value 0x00000000
  Item #2, AP 0, Addr 0xE0001028, Value 0x00000000
  Item #3, AP 0, Addr 0xE000102C, Value 0x00000000
  Item #4, AP 0, Addr 0xE0001030, Value 0x00000000
  Item #5, AP 0, Addr 0xE0001034, Value 0x00000000
  Item #6, AP 0, Addr 0xE0001038, Value 0x00000000
  Item #7, AP 0, Addr 0xE000103C, Value 0x00000000
  Item #8, AP 0, Addr 0xE0001040, Value 0x00000000
  Item #9, AP 0, Addr 0xE0001044, Value 0x00000000
  Item #10, AP 0, Addr 0xE0001048, Value 0x00000000
  Item #11, AP 0, Addr 0xE000104C, Value 0x00000000
  Item #12, AP 0, Addr 0xE0001050, Value 0x00000000
  Item #13, AP 0, Addr 0xE0001054, Value 0x00000000
  Item #14, AP 0, Addr 0xE0001058, Value 0x00000000
  Item #15, AP 0, Addr 0xE000105C, Value 0x00000000
07:50:55:927 (13/05/2023) - WRITE MEM Access, AP 0x00000000, Addr 0xE000ED30, Val 0x0000001F, "DAP Write Memory (32 bit) - Success" - ID 118
07:50:55:928 (13/05/2023) - WRITE MEM Access, AP 0x00000000, Addr 0xE000EDF0, Val 0xA05F0001, "DAP Write Memory (32 bit) - Success" - ID 119
07:50:55:930 (13/05/2023) - READ  MEM Access, AP 0x00000000, Addr 0xE000EDF0, Val 0x01030003, "DAP Read Memory (32 bit) - Success" - ID 120
07:50:55:932 (13/05/2023) - READ  MEM Access, AP 0x00000000, Addr 0xE000EDF0, Val 0x00030003, "DAP Read Memory (32 bit) - Success" - ID 121
07:50:56:000 (13/05/2023) - WRITE MEM BLOCK Access, AP 0x00000000, Start Addr 0xE0002000, End Addr 0xE000201F, "DAP Write Memory Block - Success" - ID 122
  Item #0, AP 0, Addr 0xE0002000, Value 0x00000002
  Item #1, AP 0, Addr 0xE0002004, Value 0x00000000
  Item #2, AP 0, Addr 0xE0002008, Value 0x00000000
  Item #3, AP 0, Addr 0xE000200C, Value 0x00000000
  Item #4, AP 0, Addr 0xE0002010, Value 0x00000000
  Item #5, AP 0, Addr 0xE0002014, Value 0x00000000
  Item #6, AP 0, Addr 0xE0002018, Value 0x00000000
  Item #7, AP 0, Addr 0xE000201C, Value 0x00000000
07:50:56:007 (13/05/2023) - WRITE MEM BLOCK Access, AP 0x00000000, Start Addr 0xE0001020, End Addr 0xE000105F, "DAP Write Memory Block - Success" - ID 123
  Item #0, AP 0, Addr 0xE0001020, Value 0x00000000
  Item #1, AP 0, Addr 0xE0001024, Value 0x00000000
  Item #2, AP 0, Addr 0xE0001028, Value 0x00000000
  Item #3, AP 0, Addr 0xE000102C, Value 0x00000000
  Item #4, AP 0, Addr 0xE0001030, Value 0x00000000
  Item #5, AP 0, Addr 0xE0001034, Value 0x00000000
  Item #6, AP 0, Addr 0xE0001038, Value 0x00000000
  Item #7, AP 0, Addr 0xE000103C, Value 0x00000000
  Item #8, AP 0, Addr 0xE0001040, Value 0x00000000
  Item #9, AP 0, Addr 0xE0001044, Value 0x00000000
  Item #10, AP 0, Addr 0xE0001048, Value 0x00000000
  Item #11, AP 0, Addr 0xE000104C, Value 0x00000000
  Item #12, AP 0, Addr 0xE0001050, Value 0x00000000
  Item #13, AP 0, Addr 0xE0001054, Value 0x00000000
  Item #14, AP 0, Addr 0xE0001058, Value 0x00000000
  Item #15, AP 0, Addr 0xE000105C, Value 0x00000000
07:50:56:014 (13/05/2023) - WRITE MEM BLOCK Access, AP 0x00000000, Start Addr 0xE0001020, End Addr 0xE000105F, "DAP Write Memory Block - Success" - ID 124
  Item #0, AP 0, Addr 0xE0001020, Value 0x00000000
  Item #1, AP 0, Addr 0xE0001024, Value 0x00000000
  Item #2, AP 0, Addr 0xE0001028, Value 0x00000000
  Item #3, AP 0, Addr 0xE000102C, Value 0x00000000
  Item #4, AP 0, Addr 0xE0001030, Value 0x00000000
  Item #5, AP 0, Addr 0xE0001034, Value 0x00000000
  Item #6, AP 0, Addr 0xE0001038, Value 0x00000000
  Item #7, AP 0, Addr 0xE000103C, Value 0x00000000
  Item #8, AP 0, Addr 0xE0001040, Value 0x00000000
  Item #9, AP 0, Addr 0xE0001044, Value 0x00000000
  Item #10, AP 0, Addr 0xE0001048, Value 0x00000000
  Item #11, AP 0, Addr 0xE000104C, Value 0x00000000
  Item #12, AP 0, Addr 0xE0001050, Value 0x00000000
  Item #13, AP 0, Addr 0xE0001054, Value 0x00000000
  Item #14, AP 0, Addr 0xE0001058, Value 0x00000000
  Item #15, AP 0, Addr 0xE000105C, Value 0x00000000
07:50:56:016 (13/05/2023) - READ  MEM Access, AP 0x00000000, Addr 0xE000ED30, Val 0x00000002, "DAP Read Memory (32 bit) - Success" - ID 125
07:50:56:018 (13/05/2023) - READ  MEM Access, AP 0x00000000, Addr 0xE0001028, Val 0x00000000, "DAP Read Memory (32 bit) - Success" - ID 126
07:50:56:020 (13/05/2023) - READ  MEM Access, AP 0x00000000, Addr 0xE0001038, Val 0x00000200, "DAP Read Memory (32 bit) - Success" - ID 127
07:50:56:022 (13/05/2023) - READ  MEM Access, AP 0x00000000, Addr 0xE0001048, Val 0x00000000, "DAP Read Memory (32 bit) - Success" - ID 128
07:50:56:024 (13/05/2023) - READ  MEM Access, AP 0x00000000, Addr 0xE0001058, Val 0x00000000, "DAP Read Memory (32 bit) - Success" - ID 129
07:50:56:082 (13/05/2023) - READ  MEM BLOCK Access, AP 0x00000000, Start Addr 0x20000438, End Addr 0x2000043B, "DAP Read Memory Block - Success" - ID 130
  Item #0, AP 0, Addr 0x20000438, Value 0xFFFFFFFF
07:50:56:088 (13/05/2023) - READ  MEM BLOCK Access, AP 0x00000000, Start Addr 0x20000434, End Addr 0x20000437, "DAP Read Memory Block - Success" - ID 131
  Item #0, AP 0, Addr 0x20000434, Value 0xFFFFFFFF
07:50:56:094 (13/05/2023) - READ  MEM BLOCK Access, AP 0x00000000, Start Addr 0x20000430, End Addr 0x20000433, "DAP Read Memory Block - Success" - ID 132
  Item #0, AP 0, Addr 0x20000430, Value 0xFFFFFFFF
07:50:56:100 (13/05/2023) - READ  MEM Access, AP 0x00000000, Addr 0xE0001004, Val 0x00002203, "DAP Read Memory (32 bit) - Success" - ID 133
07:50:56:114 (13/05/2023) - READ  MEM BLOCK Access, AP 0x00000000, Start Addr 0x0800047C, End Addr 0x080004B7, "DAP Read Memory Block - Success" - ID 134
  Item #0, AP 0, Addr 0x0800047C, Value 0xB32007C0
  Item #1, AP 0, Addr 0x08000480, Value 0xF8BDE7FF
  Item #2, AP 0, Addr 0x08000484, Value 0x0041000A
  Item #3, AP 0, Addr 0x08000488, Value 0xFA002003
  Item #4, AP 0, Addr 0x0800048C, Value 0x9901F201
  Item #5, AP 0, Addr 0x08000490, Value 0x91014391
  Item #6, AP 0, Addr 0x08000494, Value 0xF8BD9905
  Item #7, AP 0, Addr 0x08000498, Value 0x0052200A
  Item #8, AP 0, Addr 0x0800049C, Value 0xF202FA01
  Item #9, AP 0, Addr 0x080004A0, Value 0x43119901
  Item #10, AP 0, Addr 0x080004A4, Value 0xF8BD9101
  Item #11, AP 0, Addr 0x080004A8, Value 0x0049100A
  Item #12, AP 0, Addr 0x080004AC, Value 0xF101FA00
  Item #13, AP 0, Addr 0x080004B0, Value 0x43889800
  Item #14, AP 0, Addr 0x080004B4, Value 0x98049000
07:50:56:122 (13/05/2023) - READ  MEM BLOCK Access, AP 0x00000000, Start Addr 0x080004B8, End Addr 0x080004F3, "DAP Read Memory Block - Success" - ID 135
  Item #0, AP 0, Addr 0x080004B8, Value 0x100AF8BD
  Item #1, AP 0, Addr 0x080004BC, Value 0xFA000049
  Item #2, AP 0, Addr 0x080004C0, Value 0x9800F101
  Item #3, AP 0, Addr 0x080004C4, Value 0x90004308
  Item #4, AP 0, Addr 0x080004C8, Value 0xE7FFE7FF
  Item #5, AP 0, Addr 0x080004CC, Value 0x000AF8BD
  Item #6, AP 0, Addr 0x080004D0, Value 0xF8AD3001
  Item #7, AP 0, Addr 0x080004D4, Value 0xE7C8000A
  Item #8, AP 0, Addr 0x080004D8, Value 0x99069801
  Item #9, AP 0, Addr 0x080004DC, Value 0x98006008
  Item #10, AP 0, Addr 0x080004E0, Value 0x60C89906
  Item #11, AP 0, Addr 0x080004E4, Value 0x4770B007
  Item #12, AP 0, Addr 0x080004E8, Value 0x9005B086
  Item #13, AP 0, Addr 0x080004EC, Value 0x1013F88D
  Item #14, AP 0, Addr 0x080004F0, Value 0x93029203
07:50:56:130 (13/05/2023) - READ  MEM BLOCK Access, AP 0x00000000, Start Addr 0x080004F4, End Addr 0x0800052F, "DAP Read Memory Block - Success" - ID 136
  Item #0, AP 0, Addr 0x080004F4, Value 0x0013F89D
  Item #1, AP 0, Addr 0x080004F8, Value 0xD1062801
  Item #2, AP 0, Addr 0x080004FC, Value 0x9A02E7FF
  Item #3, AP 0, Addr 0x08000500, Value 0x68489905
  Item #4, AP 0, Addr 0x08000504, Value 0x60484310
  Item #5, AP 0, Addr 0x08000508, Value 0x9A02E005
  Item #6, AP 0, Addr 0x0800050C, Value 0x68489905
  Item #7, AP 0, Addr 0x08000510, Value 0x60484390
  Item #8, AP 0, Addr 0x08000514, Value 0x9805E7FF
  Item #9, AP 0, Addr 0x08000518, Value 0x90006880
  Item #10, AP 0, Addr 0x0800051C, Value 0xF8AD2000
  Item #11, AP 0, Addr 0x08000520, Value 0xE7FF0006
  Item #12, AP 0, Addr 0x08000524, Value 0x0006F8BD
  Item #13, AP 0, Addr 0x08000528, Value 0xD821280F
  Item #14, AP 0, Addr 0x0800052C, Value 0xF8BDE7FF
07:50:56:138 (13/05/2023) - READ  MEM BLOCK Access, AP 0x00000000, Start Addr 0x08000530, End Addr 0x0800056B, "DAP Read Memory Block - Success" - ID 137
  Item #0, AP 0, Addr 0x08000530, Value 0x98021006
  Item #1, AP 0, Addr 0x08000534, Value 0x07C040C8
  Item #2, AP 0, Addr 0x08000538, Value 0xE7FFB198
  Item #3, AP 0, Addr 0x0800053C, Value 0x0006F8BD
  Item #4, AP 0, Addr 0x08000540, Value 0x20030041
  Item #5, AP 0, Addr 0x08000544, Value 0xF101FA00
  Item #6, AP 0, Addr 0x08000548, Value 0x43889800
  Item #7, AP 0, Addr 0x0800054C, Value 0x98039000
  Item #8, AP 0, Addr 0x08000550, Value 0x1006F8BD
  Item #9, AP 0, Addr 0x08000554, Value 0xFA000049
  Item #10, AP 0, Addr 0x08000558, Value 0x9800F101
  Item #11, AP 0, Addr 0x0800055C, Value 0x90004308
  Item #12, AP 0, Addr 0x08000560, Value 0xE7FFE7FF
  Item #13, AP 0, Addr 0x08000564, Value 0x0006F8BD
  Item #14, AP 0, Addr 0x08000568, Value 0xF8AD3001
07:50:56:146 (13/05/2023) - READ  MEM BLOCK Access, AP 0x00000000, Start Addr 0x0800056C, End Addr 0x080005A7, "DAP Read Memory Block - Success" - ID 138
  Item #0, AP 0, Addr 0x0800056C, Value 0xE7D90006
  Item #1, AP 0, Addr 0x08000570, Value 0x99059800
  Item #2, AP 0, Addr 0x08000574, Value 0xB0066088
  Item #3, AP 0, Addr 0x08000578, Value 0x00004770
  Item #4, AP 0, Addr 0x0800057C, Value 0xB08CB580
  Item #5, AP 0, Addr 0x08000580, Value 0x90052000
  Item #6, AP 0, Addr 0x08000584, Value 0xF000900B
  Item #7, AP 0, Addr 0x08000588, Value 0xF640F907
  Item #8, AP 0, Addr 0x0800058C, Value 0xF0004003
  Item #9, AP 0, Addr 0x08000590, Value 0x9A05F83D
  Item #10, AP 0, Addr 0x08000594, Value 0x4000F640
  Item #11, AP 0, Addr 0x08000598, Value 0x0002F2C4
  Item #12, AP 0, Addr 0x0800059C, Value 0x21019006
  Item #13, AP 0, Addr 0x080005A0, Value 0x23809104
  Item #14, AP 0, Addr 0x080005A4, Value 0xF7FF9307
07:50:56:253 (13/05/2023) - READ  MEM Access, AP 0x00000000, Addr 0xE000EDF0, Val 0x00030003, "DAP Read Memory (32 bit) - Success" - ID 139
07:50:56:518 (13/05/2023) - READ  MEM Access, AP 0x00000000, Addr 0xE000EDF0, Val 0x00030003, "DAP Read Memory (32 bit) - Success" - ID 140
07:50:56:781 (13/05/2023) - READ  MEM Access, AP 0x00000000, Addr 0xE000EDF0, Val 0x00030003, "DAP Read Memory (32 bit) - Success" - ID 141
07:50:57:045 (13/05/2023) - READ  MEM Access, AP 0x00000000, Addr 0xE000EDF0, Val 0x00030003, "DAP Read Memory (32 bit) - Success" - ID 142
07:50:57:311 (13/05/2023) - READ  MEM Access, AP 0x00000000, Addr 0xE000EDF0, Val 0x00030003, "DAP Read Memory (32 bit) - Success" - ID 143
07:50:57:578 (13/05/2023) - READ  MEM Access, AP 0x00000000, Addr 0xE000EDF0, Val 0x00030003, "DAP Read Memory (32 bit) - Success" - ID 144
07:50:57:830 (13/05/2023) - READ  MEM Access, AP 0x00000000, Addr 0xE000EDF0, Val 0x00030003, "DAP Read Memory (32 bit) - Success" - ID 145
07:50:58:097 (13/05/2023) - READ  MEM Access, AP 0x00000000, Addr 0xE000EDF0, Val 0x00030003, "DAP Read Memory (32 bit) - Success" - ID 146
07:50:58:362 (13/05/2023) - READ  MEM Access, AP 0x00000000, Addr 0xE000EDF0, Val 0x00030003, "DAP Read Memory (32 bit) - Success" - ID 147
07:50:58:591 (13/05/2023) - READ  MEM BLOCK Access, AP 0x00000000, Start Addr 0x0800057C, End Addr 0x0800057D, "DAP Read Memory Block - Success" - ID 148
  Item #0, AP 0, Addr 0x0800057C, Value 0xB580
07:50:58:599 (13/05/2023) - WRITE MEM BLOCK Access, AP 0x00000000, Start Addr 0xE0002000, End Addr 0xE000201F, "DAP Write Memory Block - Success" - ID 149
  Item #0, AP 0, Addr 0xE0002000, Value 0x00000003
  Item #1, AP 0, Addr 0xE0002004, Value 0x00000000
  Item #2, AP 0, Addr 0xE0002008, Value 0x48000605
  Item #3, AP 0, Addr 0xE000200C, Value 0x00000000
  Item #4, AP 0, Addr 0xE0002010, Value 0x00000000
  Item #5, AP 0, Addr 0xE0002014, Value 0x00000000
  Item #6, AP 0, Addr 0xE0002018, Value 0x00000000
  Item #7, AP 0, Addr 0xE000201C, Value 0x00000000
07:50:58:606 (13/05/2023) - WRITE MEM BLOCK Access, AP 0x00000000, Start Addr 0xE0001020, End Addr 0xE000105F, "DAP Write Memory Block - Success" - ID 150
  Item #0, AP 0, Addr 0xE0001020, Value 0x00000000
  Item #1, AP 0, Addr 0xE0001024, Value 0x00000000
  Item #2, AP 0, Addr 0xE0001028, Value 0x00000000
  Item #3, AP 0, Addr 0xE000102C, Value 0x00000000
  Item #4, AP 0, Addr 0xE0001030, Value 0x00000000
  Item #5, AP 0, Addr 0xE0001034, Value 0x00000000
  Item #6, AP 0, Addr 0xE0001038, Value 0x00000200
  Item #7, AP 0, Addr 0xE000103C, Value 0x00000000
  Item #8, AP 0, Addr 0xE0001040, Value 0x00000000
  Item #9, AP 0, Addr 0xE0001044, Value 0x00000000
  Item #10, AP 0, Addr 0xE0001048, Value 0x00000000
  Item #11, AP 0, Addr 0xE000104C, Value 0x00000000
  Item #12, AP 0, Addr 0xE0001050, Value 0x00000000
  Item #13, AP 0, Addr 0xE0001054, Value 0x00000000
  Item #14, AP 0, Addr 0xE0001058, Value 0x00000000
  Item #15, AP 0, Addr 0xE000105C, Value 0x00000000
07:50:58:612 (13/05/2023) - WRITE MEM BLOCK Access, AP 0x00000000, Start Addr 0xE0001020, End Addr 0xE000105F, "DAP Write Memory Block - Success" - ID 151
  Item #0, AP 0, Addr 0xE0001020, Value 0x00000000
  Item #1, AP 0, Addr 0xE0001024, Value 0x00000000
  Item #2, AP 0, Addr 0xE0001028, Value 0x00000000
  Item #3, AP 0, Addr 0xE000102C, Value 0x00000000
  Item #4, AP 0, Addr 0xE0001030, Value 0x00000000
  Item #5, AP 0, Addr 0xE0001034, Value 0x00000000
  Item #6, AP 0, Addr 0xE0001038, Value 0x00000200
  Item #7, AP 0, Addr 0xE000103C, Value 0x00000000
  Item #8, AP 0, Addr 0xE0001040, Value 0x00000000
  Item #9, AP 0, Addr 0xE0001044, Value 0x00000000
  Item #10, AP 0, Addr 0xE0001048, Value 0x00000000
  Item #11, AP 0, Addr 0xE000104C, Value 0x00000000
  Item #12, AP 0, Addr 0xE0001050, Value 0x00000000
  Item #13, AP 0, Addr 0xE0001054, Value 0x00000000
  Item #14, AP 0, Addr 0xE0001058, Value 0x00000000
  Item #15, AP 0, Addr 0xE000105C, Value 0x00000000
07:50:58:615 (13/05/2023) - WRITE MEM Access, AP 0x00000000, Addr 0xE000ED30, Val 0x0000001F, "DAP Write Memory (32 bit) - Success" - ID 152
07:50:58:617 (13/05/2023) - WRITE MEM Access, AP 0x00000000, Addr 0xE000EDF0, Val 0xA05F0001, "DAP Write Memory (32 bit) - Success" - ID 153
07:50:58:619 (13/05/2023) - READ  MEM Access, AP 0x00000000, Addr 0xE000EDF0, Val 0x01010001, "DAP Read Memory (32 bit) - Success" - ID 154
07:50:58:621 (13/05/2023) - READ  MEM Access, AP 0x00000000, Addr 0xE000EDF0, Val 0x01010001, "DAP Read Memory (32 bit) - Success" - ID 155
07:50:58:675 (13/05/2023) - READ  MEM Access, AP 0x00000000, Addr 0xE000EDF0, Val 0x01010001, "DAP Read Memory (32 bit) - Success" - ID 156
07:50:58:736 (13/05/2023) - READ  MEM Access, AP 0x00000000, Addr 0xE000EDF0, Val 0x01010001, "DAP Read Memory (32 bit) - Success" - ID 157
07:50:58:798 (13/05/2023) - READ  MEM Access, AP 0x00000000, Addr 0xE000EDF0, Val 0x01010001, "DAP Read Memory (32 bit) - Success" - ID 158
07:50:58:860 (13/05/2023) - READ  MEM Access, AP 0x00000000, Addr 0xE000EDF0, Val 0x01010001, "DAP Read Memory (32 bit) - Success" - ID 159
07:50:58:921 (13/05/2023) - READ  MEM Access, AP 0x00000000, Addr 0xE000EDF0, Val 0x01010001, "DAP Read Memory (32 bit) - Success" - ID 160
07:50:58:983 (13/05/2023) - READ  MEM Access, AP 0x00000000, Addr 0xE000EDF0, Val 0x01010001, "DAP Read Memory (32 bit) - Success" - ID 161
07:50:59:046 (13/05/2023) - READ  MEM Access, AP 0x00000000, Addr 0xE000EDF0, Val 0x01010001, "DAP Read Memory (32 bit) - Success" - ID 162
07:50:59:108 (13/05/2023) - READ  MEM Access, AP 0x00000000, Addr 0xE000EDF0, Val 0x01010001, "DAP Read Memory (32 bit) - Success" - ID 163
07:50:59:170 (13/05/2023) - READ  MEM Access, AP 0x00000000, Addr 0xE000EDF0, Val 0x01010001, "DAP Read Memory (32 bit) - Success" - ID 164
07:50:59:172 (13/05/2023) - READ  MEM Access, AP 0x00000000, Addr 0xE0001004, Val 0x07FDB12E, "DAP Read Memory (32 bit) - Success" - ID 165
07:50:59:231 (13/05/2023) - READ  MEM Access, AP 0x00000000, Addr 0xE000EDF0, Val 0x01010001, "DAP Read Memory (32 bit) - Success" - ID 166
07:50:59:293 (13/05/2023) - READ  MEM Access, AP 0x00000000, Addr 0xE000EDF0, Val 0x01010001, "DAP Read Memory (32 bit) - Success" - ID 167
07:50:59:355 (13/05/2023) - READ  MEM Access, AP 0x00000000, Addr 0xE000EDF0, Val 0x01010001, "DAP Read Memory (32 bit) - Success" - ID 168
07:50:59:417 (13/05/2023) - READ  MEM Access, AP 0x00000000, Addr 0xE000EDF0, Val 0x01010001, "DAP Read Memory (32 bit) - Success" - ID 169
07:50:59:479 (13/05/2023) - READ  MEM Access, AP 0x00000000, Addr 0xE000EDF0, Val 0x01010001, "DAP Read Memory (32 bit) - Success" - ID 170
07:50:59:542 (13/05/2023) - READ  MEM Access, AP 0x00000000, Addr 0xE000EDF0, Val 0x01010001, "DAP Read Memory (32 bit) - Success" - ID 171
07:50:59:605 (13/05/2023) - READ  MEM Access, AP 0x00000000, Addr 0xE000EDF0, Val 0x01010001, "DAP Read Memory (32 bit) - Success" - ID 172
07:50:59:668 (13/05/2023) - READ  MEM Access, AP 0x00000000, Addr 0xE000EDF0, Val 0x01010001, "DAP Read Memory (32 bit) - Success" - ID 173
07:50:59:730 (13/05/2023) - READ  MEM Access, AP 0x00000000, Addr 0xE000EDF0, Val 0x01010001, "DAP Read Memory (32 bit) - Success" - ID 174
07:50:59:732 (13/05/2023) - READ  MEM Access, AP 0x00000000, Addr 0xE0001004, Val 0x100658F7, "DAP Read Memory (32 bit) - Success" - ID 175
07:50:59:792 (13/05/2023) - READ  MEM Access, AP 0x00000000, Addr 0xE000EDF0, Val 0x01010001, "DAP Read Memory (32 bit) - Success" - ID 176
07:50:59:855 (13/05/2023) - READ  MEM Access, AP 0x00000000, Addr 0xE000EDF0, Val 0x01010001, "DAP Read Memory (32 bit) - Success" - ID 177
07:50:59:918 (13/05/2023) - READ  MEM Access, AP 0x00000000, Addr 0xE000EDF0, Val 0x01010001, "DAP Read Memory (32 bit) - Success" - ID 178
07:50:59:980 (13/05/2023) - READ  MEM Access, AP 0x00000000, Addr 0xE000EDF0, Val 0x01010001, "DAP Read Memory (32 bit) - Success" - ID 179
07:51:00:043 (13/05/2023) - READ  MEM Access, AP 0x00000000, Addr 0xE000EDF0, Val 0x01010001, "DAP Read Memory (32 bit) - Success" - ID 180
07:51:00:104 (13/05/2023) - READ  MEM Access, AP 0x00000000, Addr 0xE000EDF0, Val 0x01010001, "DAP Read Memory (32 bit) - Success" - ID 181
07:51:00:167 (13/05/2023) - READ  MEM Access, AP 0x00000000, Addr 0xE000EDF0, Val 0x01010001, "DAP Read Memory (32 bit) - Success" - ID 182
07:51:00:228 (13/05/2023) - READ  MEM Access, AP 0x00000000, Addr 0xE000EDF0, Val 0x01010001, "DAP Read Memory (32 bit) - Success" - ID 183
07:51:00:291 (13/05/2023) - READ  MEM Access, AP 0x00000000, Addr 0xE000EDF0, Val 0x01010001, "DAP Read Memory (32 bit) - Success" - ID 184
07:51:00:293 (13/05/2023) - READ  MEM Access, AP 0x00000000, Addr 0xE0001004, Val 0x181666A8, "DAP Read Memory (32 bit) - Success" - ID 185
07:51:00:353 (13/05/2023) - READ  MEM Access, AP 0x00000000, Addr 0xE000EDF0, Val 0x01010001, "DAP Read Memory (32 bit) - Success" - ID 186
07:51:00:416 (13/05/2023) - READ  MEM Access, AP 0x00000000, Addr 0xE000EDF0, Val 0x01010001, "DAP Read Memory (32 bit) - Success" - ID 187
07:51:00:478 (13/05/2023) - READ  MEM Access, AP 0x00000000, Addr 0xE000EDF0, Val 0x01010001, "DAP Read Memory (32 bit) - Success" - ID 188
07:51:00:540 (13/05/2023) - READ  MEM Access, AP 0x00000000, Addr 0xE000EDF0, Val 0x01010001, "DAP Read Memory (32 bit) - Success" - ID 189
07:51:00:602 (13/05/2023) - READ  MEM Access, AP 0x00000000, Addr 0xE000EDF0, Val 0x01010001, "DAP Read Memory (32 bit) - Success" - ID 190
07:51:00:666 (13/05/2023) - READ  MEM Access, AP 0x00000000, Addr 0xE000EDF0, Val 0x01010001, "DAP Read Memory (32 bit) - Success" - ID 191
07:51:00:729 (13/05/2023) - READ  MEM Access, AP 0x00000000, Addr 0xE000EDF0, Val 0x01010001, "DAP Read Memory (32 bit) - Success" - ID 192
07:51:00:791 (13/05/2023) - READ  MEM Access, AP 0x00000000, Addr 0xE000EDF0, Val 0x01010001, "DAP Read Memory (32 bit) - Success" - ID 193
07:51:00:852 (13/05/2023) - READ  MEM Access, AP 0x00000000, Addr 0xE000EDF0, Val 0x01010001, "DAP Read Memory (32 bit) - Success" - ID 194
07:51:00:854 (13/05/2023) - READ  MEM Access, AP 0x00000000, Addr 0xE0001004, Val 0x202637A2, "DAP Read Memory (32 bit) - Success" - ID 195
07:51:00:914 (13/05/2023) - READ  MEM Access, AP 0x00000000, Addr 0xE000EDF0, Val 0x01010001, "DAP Read Memory (32 bit) - Success" - ID 196
07:51:00:977 (13/05/2023) - READ  MEM Access, AP 0x00000000, Addr 0xE000EDF0, Val 0x01010001, "DAP Read Memory (32 bit) - Success" - ID 197
07:51:01:038 (13/05/2023) - READ  MEM Access, AP 0x00000000, Addr 0xE000EDF0, Val 0x01010001, "DAP Read Memory (32 bit) - Success" - ID 198
07:51:01:100 (13/05/2023) - READ  MEM Access, AP 0x00000000, Addr 0xE000EDF0, Val 0x01010001, "DAP Read Memory (32 bit) - Success" - ID 199
07:51:01:162 (13/05/2023) - READ  MEM Access, AP 0x00000000, Addr 0xE000EDF0, Val 0x01010001, "DAP Read Memory (32 bit) - Success" - ID 200
07:51:01:224 (13/05/2023) - READ  MEM Access, AP 0x00000000, Addr 0xE000EDF0, Val 0x01010001, "DAP Read Memory (32 bit) - Success" - ID 201
07:51:01:287 (13/05/2023) - READ  MEM Access, AP 0x00000000, Addr 0xE000EDF0, Val 0x01010001, "DAP Read Memory (32 bit) - Success" - ID 202
07:51:01:351 (13/05/2023) - READ  MEM Access, AP 0x00000000, Addr 0xE000EDF0, Val 0x01010001, "DAP Read Memory (32 bit) - Success" - ID 203
07:51:01:413 (13/05/2023) - READ  MEM Access, AP 0x00000000, Addr 0xE000EDF0, Val 0x01010001, "DAP Read Memory (32 bit) - Success" - ID 204
07:51:01:415 (13/05/2023) - READ  MEM Access, AP 0x00000000, Addr 0xE0001004, Val 0x283607C2, "DAP Read Memory (32 bit) - Success" - ID 205
07:51:01:475 (13/05/2023) - READ  MEM Access, AP 0x00000000, Addr 0xE000EDF0, Val 0x01010001, "DAP Read Memory (32 bit) - Success" - ID 206
07:51:01:539 (13/05/2023) - READ  MEM Access, AP 0x00000000, Addr 0xE000EDF0, Val 0x01010001, "DAP Read Memory (32 bit) - Success" - ID 207
07:51:01:602 (13/05/2023) - READ  MEM Access, AP 0x00000000, Addr 0xE000EDF0, Val 0x01010001, "DAP Read Memory (32 bit) - Success" - ID 208
07:51:01:665 (13/05/2023) - READ  MEM Access, AP 0x00000000, Addr 0xE000EDF0, Val 0x01010001, "DAP Read Memory (32 bit) - Success" - ID 209
07:51:01:727 (13/05/2023) - READ  MEM Access, AP 0x00000000, Addr 0xE000EDF0, Val 0x01010001, "DAP Read Memory (32 bit) - Success" - ID 210
07:51:01:788 (13/05/2023) - READ  MEM Access, AP 0x00000000, Addr 0xE000EDF0, Val 0x01010001, "DAP Read Memory (32 bit) - Success" - ID 211
07:51:01:851 (13/05/2023) - READ  MEM Access, AP 0x00000000, Addr 0xE000EDF0, Val 0x01010001, "DAP Read Memory (32 bit) - Success" - ID 212
07:51:01:915 (13/05/2023) - READ  MEM Access, AP 0x00000000, Addr 0xE000EDF0, Val 0x01010001, "DAP Read Memory (32 bit) - Success" - ID 213
07:51:01:917 (13/05/2023) - READ  MEM Access, AP 0x00000000, Addr 0xE0001004, Val 0x2F6CB25E, "DAP Read Memory (32 bit) - Success" - ID 214
07:51:01:975 (13/05/2023) - READ  MEM Access, AP 0x00000000, Addr 0xE000EDF0, Val 0x01010001, "DAP Read Memory (32 bit) - Success" - ID 215
07:51:02:039 (13/05/2023) - READ  MEM Access, AP 0x00000000, Addr 0xE000EDF0, Val 0x01010001, "DAP Read Memory (32 bit) - Success" - ID 216
07:51:02:102 (13/05/2023) - READ  MEM Access, AP 0x00000000, Addr 0xE000EDF0, Val 0x01010001, "DAP Read Memory (32 bit) - Success" - ID 217
07:51:02:164 (13/05/2023) - READ  MEM Access, AP 0x00000000, Addr 0xE000EDF0, Val 0x01010001, "DAP Read Memory (32 bit) - Success" - ID 218
07:51:02:228 (13/05/2023) - READ  MEM Access, AP 0x00000000, Addr 0xE000EDF0, Val 0x01010001, "DAP Read Memory (32 bit) - Success" - ID 219
07:51:02:290 (13/05/2023) - READ  MEM Access, AP 0x00000000, Addr 0xE000EDF0, Val 0x01010001, "DAP Read Memory (32 bit) - Success" - ID 220
07:51:02:352 (13/05/2023) - READ  MEM Access, AP 0x00000000, Addr 0xE000EDF0, Val 0x01010001, "DAP Read Memory (32 bit) - Success" - ID 221
07:51:02:415 (13/05/2023) - READ  MEM Access, AP 0x00000000, Addr 0xE000EDF0, Val 0x01010001, "DAP Read Memory (32 bit) - Success" - ID 222
07:51:02:477 (13/05/2023) - READ  MEM Access, AP 0x00000000, Addr 0xE000EDF0, Val 0x01010001, "DAP Read Memory (32 bit) - Success" - ID 223
07:51:02:479 (13/05/2023) - READ  MEM Access, AP 0x00000000, Addr 0xE0001004, Val 0x37801CBB, "DAP Read Memory (32 bit) - Success" - ID 224
07:51:02:539 (13/05/2023) - READ  MEM Access, AP 0x00000000, Addr 0xE000EDF0, Val 0x01010001, "DAP Read Memory (32 bit) - Success" - ID 225
07:51:02:604 (13/05/2023) - READ  MEM Access, AP 0x00000000, Addr 0xE000EDF0, Val 0x01010001, "DAP Read Memory (32 bit) - Success" - ID 226
07:51:02:666 (13/05/2023) - READ  MEM Access, AP 0x00000000, Addr 0xE000EDF0, Val 0x01010001, "DAP Read Memory (32 bit) - Success" - ID 227
07:51:02:729 (13/05/2023) - READ  MEM Access, AP 0x00000000, Addr 0xE000EDF0, Val 0x01010001, "DAP Read Memory (32 bit) - Success" - ID 228
07:51:02:791 (13/05/2023) - READ  MEM Access, AP 0x00000000, Addr 0xE000EDF0, Val 0x01010001, "DAP Read Memory (32 bit) - Success" - ID 229
07:51:02:854 (13/05/2023) - READ  MEM Access, AP 0x00000000, Addr 0xE000EDF0, Val 0x01010001, "DAP Read Memory (32 bit) - Success" - ID 230
07:51:02:917 (13/05/2023) - READ  MEM Access, AP 0x00000000, Addr 0xE000EDF0, Val 0x01010001, "DAP Read Memory (32 bit) - Success" - ID 231
07:51:02:980 (13/05/2023) - READ  MEM Access, AP 0x00000000, Addr 0xE000EDF0, Val 0x01010001, "DAP Read Memory (32 bit) - Success" - ID 232
07:51:03:042 (13/05/2023) - READ  MEM Access, AP 0x00000000, Addr 0xE000EDF0, Val 0x01010001, "DAP Read Memory (32 bit) - Success" - ID 233
07:51:03:045 (13/05/2023) - READ  MEM Access, AP 0x00000000, Addr 0xE0001004, Val 0x3FA23B50, "DAP Read Memory (32 bit) - Success" - ID 234
07:51:03:104 (13/05/2023) - READ  MEM Access, AP 0x00000000, Addr 0xE000EDF0, Val 0x01010001, "DAP Read Memory (32 bit) - Success" - ID 235
07:51:03:169 (13/05/2023) - READ  MEM Access, AP 0x00000000, Addr 0xE000EDF0, Val 0x01010001, "DAP Read Memory (32 bit) - Success" - ID 236
07:51:03:232 (13/05/2023) - READ  MEM Access, AP 0x00000000, Addr 0xE000EDF0, Val 0x01010001, "DAP Read Memory (32 bit) - Success" - ID 237
07:51:03:295 (13/05/2023) - READ  MEM Access, AP 0x00000000, Addr 0xE000EDF0, Val 0x01010001, "DAP Read Memory (32 bit) - Success" - ID 238
07:51:03:359 (13/05/2023) - READ  MEM Access, AP 0x00000000, Addr 0xE000EDF0, Val 0x01010001, "DAP Read Memory (32 bit) - Success" - ID 239
07:51:03:423 (13/05/2023) - READ  MEM Access, AP 0x00000000, Addr 0xE000EDF0, Val 0x01010001, "DAP Read Memory (32 bit) - Success" - ID 240
07:51:03:485 (13/05/2023) - READ  MEM Access, AP 0x00000000, Addr 0xE000EDF0, Val 0x01010001, "DAP Read Memory (32 bit) - Success" - ID 241
07:51:03:547 (13/05/2023) - READ  MEM Access, AP 0x00000000, Addr 0xE000EDF0, Val 0x01010001, "DAP Read Memory (32 bit) - Success" - ID 242
07:51:03:610 (13/05/2023) - READ  MEM Access, AP 0x00000000, Addr 0xE000EDF0, Val 0x01010001, "DAP Read Memory (32 bit) - Success" - ID 243
07:51:03:612 (13/05/2023) - READ  MEM Access, AP 0x00000000, Addr 0xE0001004, Val 0x47C7F0D1, "DAP Read Memory (32 bit) - Success" - ID 244
07:51:03:672 (13/05/2023) - READ  MEM Access, AP 0x00000000, Addr 0xE000EDF0, Val 0x01010001, "DAP Read Memory (32 bit) - Success" - ID 245
07:51:03:734 (13/05/2023) - READ  MEM Access, AP 0x00000000, Addr 0xE000EDF0, Val 0x01010001, "DAP Read Memory (32 bit) - Success" - ID 246
07:51:03:797 (13/05/2023) - READ  MEM Access, AP 0x00000000, Addr 0xE000EDF0, Val 0x01010001, "DAP Read Memory (32 bit) - Success" - ID 247
07:51:03:860 (13/05/2023) - READ  MEM Access, AP 0x00000000, Addr 0xE000EDF0, Val 0x01010001, "DAP Read Memory (32 bit) - Success" - ID 248
07:51:03:922 (13/05/2023) - READ  MEM Access, AP 0x00000000, Addr 0xE000EDF0, Val 0x01010001, "DAP Read Memory (32 bit) - Success" - ID 249
07:51:03:985 (13/05/2023) - READ  MEM Access, AP 0x00000000, Addr 0xE000EDF0, Val 0x01010001, "DAP Read Memory (32 bit) - Success" - ID 250
07:51:04:048 (13/05/2023) - READ  MEM Access, AP 0x00000000, Addr 0xE000EDF0, Val 0x01010001, "DAP Read Memory (32 bit) - Success" - ID 251
07:51:04:109 (13/05/2023) - READ  MEM Access, AP 0x00000000, Addr 0xE000EDF0, Val 0x01010001, "DAP Read Memory (32 bit) - Success" - ID 252
07:51:04:172 (13/05/2023) - READ  MEM Access, AP 0x00000000, Addr 0xE000EDF0, Val 0x01010001, "DAP Read Memory (32 bit) - Success" - ID 253
07:51:04:174 (13/05/2023) - READ  MEM Access, AP 0x00000000, Addr 0xE0001004, Val 0x4FDB4B94, "DAP Read Memory (32 bit) - Success" - ID 254
07:51:04:235 (13/05/2023) - READ  MEM Access, AP 0x00000000, Addr 0xE000EDF0, Val 0x01010001, "DAP Read Memory (32 bit) - Success" - ID 255
07:51:04:297 (13/05/2023) - READ  MEM Access, AP 0x00000000, Addr 0xE000EDF0, Val 0x01010001, "DAP Read Memory (32 bit) - Success" - ID 256
07:51:04:359 (13/05/2023) - READ  MEM Access, AP 0x00000000, Addr 0xE000EDF0, Val 0x01010001, "DAP Read Memory (32 bit) - Success" - ID 257
07:51:04:421 (13/05/2023) - READ  MEM Access, AP 0x00000000, Addr 0xE000EDF0, Val 0x01010001, "DAP Read Memory (32 bit) - Success" - ID 258
07:51:04:483 (13/05/2023) - READ  MEM Access, AP 0x00000000, Addr 0xE000EDF0, Val 0x01010001, "DAP Read Memory (32 bit) - Success" - ID 259
07:51:04:546 (13/05/2023) - READ  MEM Access, AP 0x00000000, Addr 0xE000EDF0, Val 0x01010001, "DAP Read Memory (32 bit) - Success" - ID 260
07:51:04:608 (13/05/2023) - READ  MEM Access, AP 0x00000000, Addr 0xE000EDF0, Val 0x01010001, "DAP Read Memory (32 bit) - Success" - ID 261
07:51:04:671 (13/05/2023) - READ  MEM Access, AP 0x00000000, Addr 0xE000EDF0, Val 0x01010001, "DAP Read Memory (32 bit) - Success" - ID 262
07:51:04:734 (13/05/2023) - READ  MEM Access, AP 0x00000000, Addr 0xE000EDF0, Val 0x01010001, "DAP Read Memory (32 bit) - Success" - ID 263
07:51:04:736 (13/05/2023) - READ  MEM Access, AP 0x00000000, Addr 0xE0001004, Val 0x57EEB542, "DAP Read Memory (32 bit) - Success" - ID 264
07:51:04:796 (13/05/2023) - READ  MEM Access, AP 0x00000000, Addr 0xE000EDF0, Val 0x01010001, "DAP Read Memory (32 bit) - Success" - ID 265
07:51:04:857 (13/05/2023) - READ  MEM Access, AP 0x00000000, Addr 0xE000EDF0, Val 0x01010001, "DAP Read Memory (32 bit) - Success" - ID 266
07:51:04:919 (13/05/2023) - READ  MEM Access, AP 0x00000000, Addr 0xE000EDF0, Val 0x01010001, "DAP Read Memory (32 bit) - Success" - ID 267
07:51:04:981 (13/05/2023) - READ  MEM Access, AP 0x00000000, Addr 0xE000EDF0, Val 0x01010001, "DAP Read Memory (32 bit) - Success" - ID 268
07:51:05:044 (13/05/2023) - READ  MEM Access, AP 0x00000000, Addr 0xE000EDF0, Val 0x01010001, "DAP Read Memory (32 bit) - Success" - ID 269
07:51:05:106 (13/05/2023) - READ  MEM Access, AP 0x00000000, Addr 0xE000EDF0, Val 0x01010001, "DAP Read Memory (32 bit) - Success" - ID 270
07:51:05:169 (13/05/2023) - READ  MEM Access, AP 0x00000000, Addr 0xE000EDF0, Val 0x01010001, "DAP Read Memory (32 bit) - Success" - ID 271
07:51:05:231 (13/05/2023) - READ  MEM Access, AP 0x00000000, Addr 0xE000EDF0, Val 0x01010001, "DAP Read Memory (32 bit) - Success" - ID 272
07:51:05:295 (13/05/2023) - READ  MEM Access, AP 0x00000000, Addr 0xE000EDF0, Val 0x01010001, "DAP Read Memory (32 bit) - Success" - ID 273
07:51:05:296 (13/05/2023) - READ  MEM Access, AP 0x00000000, Addr 0xE0001004, Val 0x5FFACEFD, "DAP Read Memory (32 bit) - Success" - ID 274
07:51:05:356 (13/05/2023) - READ  MEM Access, AP 0x00000000, Addr 0xE000EDF0, Val 0x01010001, "DAP Read Memory (32 bit) - Success" - ID 275
07:51:05:419 (13/05/2023) - READ  MEM Access, AP 0x00000000, Addr 0xE000EDF0, Val 0x01010001, "DAP Read Memory (32 bit) - Success" - ID 276
07:51:05:481 (13/05/2023) - READ  MEM Access, AP 0x00000000, Addr 0xE000EDF0, Val 0x01010001, "DAP Read Memory (32 bit) - Success" - ID 277
07:51:05:543 (13/05/2023) - READ  MEM Access, AP 0x00000000, Addr 0xE000EDF0, Val 0x01010001, "DAP Read Memory (32 bit) - Success" - ID 278
07:51:05:606 (13/05/2023) - READ  MEM Access, AP 0x00000000, Addr 0xE000EDF0, Val 0x01010001, "DAP Read Memory (32 bit) - Success" - ID 279
07:51:05:668 (13/05/2023) - READ  MEM Access, AP 0x00000000, Addr 0xE000EDF0, Val 0x01010001, "DAP Read Memory (32 bit) - Success" - ID 280
07:51:05:730 (13/05/2023) - READ  MEM Access, AP 0x00000000, Addr 0xE000EDF0, Val 0x01010001, "DAP Read Memory (32 bit) - Success" - ID 281
07:51:05:792 (13/05/2023) - READ  MEM Access, AP 0x00000000, Addr 0xE000EDF0, Val 0x01010001, "DAP Read Memory (32 bit) - Success" - ID 282
07:51:05:855 (13/05/2023) - READ  MEM Access, AP 0x00000000, Addr 0xE000EDF0, Val 0x01010001, "DAP Read Memory (32 bit) - Success" - ID 283
07:51:05:857 (13/05/2023) - READ  MEM Access, AP 0x00000000, Addr 0xE0001004, Val 0x680AA19A, "DAP Read Memory (32 bit) - Success" - ID 284
07:51:05:917 (13/05/2023) - READ  MEM Access, AP 0x00000000, Addr 0xE000EDF0, Val 0x01010001, "DAP Read Memory (32 bit) - Success" - ID 285
07:51:05:978 (13/05/2023) - READ  MEM Access, AP 0x00000000, Addr 0xE000EDF0, Val 0x01010001, "DAP Read Memory (32 bit) - Success" - ID 286
07:51:06:041 (13/05/2023) - READ  MEM Access, AP 0x00000000, Addr 0xE000EDF0, Val 0x01010001, "DAP Read Memory (32 bit) - Success" - ID 287
07:51:06:103 (13/05/2023) - READ  MEM Access, AP 0x00000000, Addr 0xE000EDF0, Val 0x01010001, "DAP Read Memory (32 bit) - Success" - ID 288
07:51:06:165 (13/05/2023) - READ  MEM Access, AP 0x00000000, Addr 0xE000EDF0, Val 0x01010001, "DAP Read Memory (32 bit) - Success" - ID 289
07:51:06:228 (13/05/2023) - READ  MEM Access, AP 0x00000000, Addr 0xE000EDF0, Val 0x01010001, "DAP Read Memory (32 bit) - Success" - ID 290
07:51:06:290 (13/05/2023) - READ  MEM Access, AP 0x00000000, Addr 0xE000EDF0, Val 0x01010001, "DAP Read Memory (32 bit) - Success" - ID 291
07:51:06:351 (13/05/2023) - READ  MEM Access, AP 0x00000000, Addr 0xE000EDF0, Val 0x01010001, "DAP Read Memory (32 bit) - Success" - ID 292
07:51:06:414 (13/05/2023) - READ  MEM Access, AP 0x00000000, Addr 0xE000EDF0, Val 0x01010001, "DAP Read Memory (32 bit) - Success" - ID 293
07:51:06:415 (13/05/2023) - READ  MEM Access, AP 0x00000000, Addr 0xE0001004, Val 0x700F63F2, "DAP Read Memory (32 bit) - Success" - ID 294
07:51:06:476 (13/05/2023) - READ  MEM Access, AP 0x00000000, Addr 0xE000EDF0, Val 0x01010001, "DAP Read Memory (32 bit) - Success" - ID 295
07:51:06:537 (13/05/2023) - READ  MEM Access, AP 0x00000000, Addr 0xE000EDF0, Val 0x01010001, "DAP Read Memory (32 bit) - Success" - ID 296
07:51:06:599 (13/05/2023) - READ  MEM Access, AP 0x00000000, Addr 0xE000EDF0, Val 0x01010001, "DAP Read Memory (32 bit) - Success" - ID 297
07:51:06:663 (13/05/2023) - READ  MEM Access, AP 0x00000000, Addr 0xE000EDF0, Val 0x01010001, "DAP Read Memory (32 bit) - Success" - ID 298
07:51:06:725 (13/05/2023) - READ  MEM Access, AP 0x00000000, Addr 0xE000EDF0, Val 0x01010001, "DAP Read Memory (32 bit) - Success" - ID 299
07:51:06:788 (13/05/2023) - READ  MEM Access, AP 0x00000000, Addr 0xE000EDF0, Val 0x01010001, "DAP Read Memory (32 bit) - Success" - ID 300
07:51:06:850 (13/05/2023) - READ  MEM Access, AP 0x00000000, Addr 0xE000EDF0, Val 0x01010001, "DAP Read Memory (32 bit) - Success" - ID 301
07:51:06:911 (13/05/2023) - READ  MEM Access, AP 0x00000000, Addr 0xE000EDF0, Val 0x01010001, "DAP Read Memory (32 bit) - Success" - ID 302
07:51:06:975 (13/05/2023) - READ  MEM Access, AP 0x00000000, Addr 0xE000EDF0, Val 0x01010001, "DAP Read Memory (32 bit) - Success" - ID 303
07:51:06:977 (13/05/2023) - READ  MEM Access, AP 0x00000000, Addr 0xE0001004, Val 0x7822DAB2, "DAP Read Memory (32 bit) - Success" - ID 304
07:51:07:037 (13/05/2023) - READ  MEM Access, AP 0x00000000, Addr 0xE000EDF0, Val 0x01010001, "DAP Read Memory (32 bit) - Success" - ID 305
07:51:07:100 (13/05/2023) - READ  MEM Access, AP 0x00000000, Addr 0xE000EDF0, Val 0x01010001, "DAP Read Memory (32 bit) - Success" - ID 306
07:51:07:164 (13/05/2023) - READ  MEM Access, AP 0x00000000, Addr 0xE000EDF0, Val 0x01010001, "DAP Read Memory (32 bit) - Success" - ID 307
07:51:07:225 (13/05/2023) - READ  MEM Access, AP 0x00000000, Addr 0xE000EDF0, Val 0x01010001, "DAP Read Memory (32 bit) - Success" - ID 308
07:51:07:287 (13/05/2023) - READ  MEM Access, AP 0x00000000, Addr 0xE000EDF0, Val 0x01010001, "DAP Read Memory (32 bit) - Success" - ID 309
07:51:07:349 (13/05/2023) - READ  MEM Access, AP 0x00000000, Addr 0xE000EDF0, Val 0x01010001, "DAP Read Memory (32 bit) - Success" - ID 310
07:51:07:413 (13/05/2023) - READ  MEM Access, AP 0x00000000, Addr 0xE000EDF0, Val 0x01010001, "DAP Read Memory (32 bit) - Success" - ID 311
07:51:07:474 (13/05/2023) - READ  MEM Access, AP 0x00000000, Addr 0xE000EDF0, Val 0x01010001, "DAP Read Memory (32 bit) - Success" - ID 312
07:51:07:536 (13/05/2023) - READ  MEM Access, AP 0x00000000, Addr 0xE000EDF0, Val 0x01010001, "DAP Read Memory (32 bit) - Success" - ID 313
07:51:07:538 (13/05/2023) - READ  MEM Access, AP 0x00000000, Addr 0xE0001004, Val 0x80328B2A, "DAP Read Memory (32 bit) - Success" - ID 314
07:51:07:599 (13/05/2023) - READ  MEM Access, AP 0x00000000, Addr 0xE000EDF0, Val 0x01010001, "DAP Read Memory (32 bit) - Success" - ID 315
07:51:07:663 (13/05/2023) - READ  MEM Access, AP 0x00000000, Addr 0xE000EDF0, Val 0x01010001, "DAP Read Memory (32 bit) - Success" - ID 316
07:51:07:726 (13/05/2023) - READ  MEM Access, AP 0x00000000, Addr 0xE000EDF0, Val 0x01010001, "DAP Read Memory (32 bit) - Success" - ID 317
07:51:07:787 (13/05/2023) - READ  MEM Access, AP 0x00000000, Addr 0xE000EDF0, Val 0x01010001, "DAP Read Memory (32 bit) - Success" - ID 318
07:51:07:851 (13/05/2023) - READ  MEM Access, AP 0x00000000, Addr 0xE000EDF0, Val 0x01010001, "DAP Read Memory (32 bit) - Success" - ID 319
07:51:07:914 (13/05/2023) - READ  MEM Access, AP 0x00000000, Addr 0xE000EDF0, Val 0x01010001, "DAP Read Memory (32 bit) - Success" - ID 320
07:51:07:977 (13/05/2023) - READ  MEM Access, AP 0x00000000, Addr 0xE000EDF0, Val 0x01010001, "DAP Read Memory (32 bit) - Success" - ID 321
07:51:08:041 (13/05/2023) - READ  MEM Access, AP 0x00000000, Addr 0xE000EDF0, Val 0x01010001, "DAP Read Memory (32 bit) - Success" - ID 322
07:51:08:043 (13/05/2023) - READ  MEM Access, AP 0x00000000, Addr 0xE0001004, Val 0x87744C0A, "DAP Read Memory (32 bit) - Success" - ID 323
07:51:08:101 (13/05/2023) - READ  MEM Access, AP 0x00000000, Addr 0xE000EDF0, Val 0x01010001, "DAP Read Memory (32 bit) - Success" - ID 324
07:51:08:165 (13/05/2023) - READ  MEM Access, AP 0x00000000, Addr 0xE000EDF0, Val 0x01010001, "DAP Read Memory (32 bit) - Success" - ID 325
07:51:08:228 (13/05/2023) - READ  MEM Access, AP 0x00000000, Addr 0xE000EDF0, Val 0x01010001, "DAP Read Memory (32 bit) - Success" - ID 326
07:51:08:291 (13/05/2023) - READ  MEM Access, AP 0x00000000, Addr 0xE000EDF0, Val 0x01010001, "DAP Read Memory (32 bit) - Success" - ID 327
07:51:08:354 (13/05/2023) - READ  MEM Access, AP 0x00000000, Addr 0xE000EDF0, Val 0x01010001, "DAP Read Memory (32 bit) - Success" - ID 328
07:51:08:417 (13/05/2023) - READ  MEM Access, AP 0x00000000, Addr 0xE000EDF0, Val 0x01010001, "DAP Read Memory (32 bit) - Success" - ID 329
07:51:08:478 (13/05/2023) - READ  MEM Access, AP 0x00000000, Addr 0xE000EDF0, Val 0x01010001, "DAP Read Memory (32 bit) - Success" - ID 330
07:51:08:540 (13/05/2023) - READ  MEM Access, AP 0x00000000, Addr 0xE000EDF0, Val 0x01010001, "DAP Read Memory (32 bit) - Success" - ID 331
07:51:08:604 (13/05/2023) - READ  MEM Access, AP 0x00000000, Addr 0xE000EDF0, Val 0x01010001, "DAP Read Memory (32 bit) - Success" - ID 332
07:51:08:606 (13/05/2023) - READ  MEM Access, AP 0x00000000, Addr 0xE0001004, Val 0x8F8B877D, "DAP Read Memory (32 bit) - Success" - ID 333
07:51:08:668 (13/05/2023) - READ  MEM Access, AP 0x00000000, Addr 0xE000EDF0, Val 0x01010001, "DAP Read Memory (32 bit) - Success" - ID 334
07:51:08:731 (13/05/2023) - READ  MEM Access, AP 0x00000000, Addr 0xE000EDF0, Val 0x01010001, "DAP Read Memory (32 bit) - Success" - ID 335
07:51:08:793 (13/05/2023) - READ  MEM Access, AP 0x00000000, Addr 0xE000EDF0, Val 0x01010001, "DAP Read Memory (32 bit) - Success" - ID 336
07:51:08:856 (13/05/2023) - READ  MEM Access, AP 0x00000000, Addr 0xE000EDF0, Val 0x01010001, "DAP Read Memory (32 bit) - Success" - ID 337
07:51:08:918 (13/05/2023) - READ  MEM Access, AP 0x00000000, Addr 0xE000EDF0, Val 0x01010001, "DAP Read Memory (32 bit) - Success" - ID 338
07:51:08:980 (13/05/2023) - READ  MEM Access, AP 0x00000000, Addr 0xE000EDF0, Val 0x01010001, "DAP Read Memory (32 bit) - Success" - ID 339
07:51:09:043 (13/05/2023) - READ  MEM Access, AP 0x00000000, Addr 0xE000EDF0, Val 0x01010001, "DAP Read Memory (32 bit) - Success" - ID 340
07:51:09:105 (13/05/2023) - READ  MEM Access, AP 0x00000000, Addr 0xE000EDF0, Val 0x01010001, "DAP Read Memory (32 bit) - Success" - ID 341
07:51:09:168 (13/05/2023) - READ  MEM Access, AP 0x00000000, Addr 0xE000EDF0, Val 0x01010001, "DAP Read Memory (32 bit) - Success" - ID 342
07:51:09:170 (13/05/2023) - READ  MEM Access, AP 0x00000000, Addr 0xE0001004, Val 0x97A654BA, "DAP Read Memory (32 bit) - Success" - ID 343
07:51:09:212 (13/05/2023) - READ  MEM Access, AP 0x00000000, Addr 0xE000EDF0, Val 0x01010001, "DAP Read Memory (32 bit) - Success" - ID 344
07:51:09:230 (13/05/2023) - WRITE MEM Access, AP 0x00000000, Addr 0xE000EDF0, Val 0xA05F0003, "DAP Write Memory (32 bit) - Success" - ID 345
07:51:09:233 (13/05/2023) - READ  MEM Access, AP 0x00000000, Addr 0xE000EDF0, Val 0x01030003, "DAP Read Memory (32 bit) - Success" - ID 346
07:51:09:234 (13/05/2023) - READ  MEM Access, AP 0x00000000, Addr 0xE000EDF0, Val 0x00030003, "DAP Read Memory (32 bit) - Success" - ID 347
07:51:09:250 (13/05/2023) - WRITE MEM BLOCK Access, AP 0x00000000, Start Addr 0xE0002000, End Addr 0xE000201F, "DAP Write Memory Block - Success" - ID 348
  Item #0, AP 0, Addr 0xE0002000, Value 0x00000002
  Item #1, AP 0, Addr 0xE0002004, Value 0x00000000
  Item #2, AP 0, Addr 0xE0002008, Value 0x00000000
  Item #3, AP 0, Addr 0xE000200C, Value 0x00000000
  Item #4, AP 0, Addr 0xE0002010, Value 0x00000000
  Item #5, AP 0, Addr 0xE0002014, Value 0x00000000
  Item #6, AP 0, Addr 0xE0002018, Value 0x00000000
  Item #7, AP 0, Addr 0xE000201C, Value 0x00000000
07:51:09:258 (13/05/2023) - WRITE MEM BLOCK Access, AP 0x00000000, Start Addr 0xE0001020, End Addr 0xE000105F, "DAP Write Memory Block - Success" - ID 349
  Item #0, AP 0, Addr 0xE0001020, Value 0x00000000
  Item #1, AP 0, Addr 0xE0001024, Value 0x00000000
  Item #2, AP 0, Addr 0xE0001028, Value 0x00000000
  Item #3, AP 0, Addr 0xE000102C, Value 0x00000000
  Item #4, AP 0, Addr 0xE0001030, Value 0x00000000
  Item #5, AP 0, Addr 0xE0001034, Value 0x00000000
  Item #6, AP 0, Addr 0xE0001038, Value 0x00000200
  Item #7, AP 0, Addr 0xE000103C, Value 0x00000000
  Item #8, AP 0, Addr 0xE0001040, Value 0x00000000
  Item #9, AP 0, Addr 0xE0001044, Value 0x00000000
  Item #10, AP 0, Addr 0xE0001048, Value 0x00000000
  Item #11, AP 0, Addr 0xE000104C, Value 0x00000000
  Item #12, AP 0, Addr 0xE0001050, Value 0x00000000
  Item #13, AP 0, Addr 0xE0001054, Value 0x00000000
  Item #14, AP 0, Addr 0xE0001058, Value 0x00000000
  Item #15, AP 0, Addr 0xE000105C, Value 0x00000000
07:51:09:264 (13/05/2023) - WRITE MEM BLOCK Access, AP 0x00000000, Start Addr 0xE0001020, End Addr 0xE000105F, "DAP Write Memory Block - Success" - ID 350
  Item #0, AP 0, Addr 0xE0001020, Value 0x00000000
  Item #1, AP 0, Addr 0xE0001024, Value 0x00000000
  Item #2, AP 0, Addr 0xE0001028, Value 0x00000000
  Item #3, AP 0, Addr 0xE000102C, Value 0x00000000
  Item #4, AP 0, Addr 0xE0001030, Value 0x00000000
  Item #5, AP 0, Addr 0xE0001034, Value 0x00000000
  Item #6, AP 0, Addr 0xE0001038, Value 0x00000200
  Item #7, AP 0, Addr 0xE000103C, Value 0x00000000
  Item #8, AP 0, Addr 0xE0001040, Value 0x00000000
  Item #9, AP 0, Addr 0xE0001044, Value 0x00000000
  Item #10, AP 0, Addr 0xE0001048, Value 0x00000000
  Item #11, AP 0, Addr 0xE000104C, Value 0x00000000
  Item #12, AP 0, Addr 0xE0001050, Value 0x00000000
  Item #13, AP 0, Addr 0xE0001054, Value 0x00000000
  Item #14, AP 0, Addr 0xE0001058, Value 0x00000000
  Item #15, AP 0, Addr 0xE000105C, Value 0x00000000
07:51:09:266 (13/05/2023) - READ  MEM Access, AP 0x00000000, Addr 0xE000ED30, Val 0x00000001, "DAP Read Memory (32 bit) - Success" - ID 351
07:51:09:268 (13/05/2023) - READ  MEM Access, AP 0x00000000, Addr 0xE0001028, Val 0x00000000, "DAP Read Memory (32 bit) - Success" - ID 352
07:51:09:270 (13/05/2023) - READ  MEM Access, AP 0x00000000, Addr 0xE0001038, Val 0x00000200, "DAP Read Memory (32 bit) - Success" - ID 353
07:51:09:273 (13/05/2023) - READ  MEM Access, AP 0x00000000, Addr 0xE0001048, Val 0x00000000, "DAP Read Memory (32 bit) - Success" - ID 354
07:51:09:274 (13/05/2023) - READ  MEM Access, AP 0x00000000, Addr 0xE0001058, Val 0x00000000, "DAP Read Memory (32 bit) - Success" - ID 355
07:51:09:502 (13/05/2023) - READ  MEM Access, AP 0x00000000, Addr 0xE000EDF0, Val 0x00030003, "DAP Read Memory (32 bit) - Success" - ID 356
07:51:09:755 (13/05/2023) - READ  MEM Access, AP 0x00000000, Addr 0xE000EDF0, Val 0x00030003, "DAP Read Memory (32 bit) - Success" - ID 357
07:51:09:904 (13/05/2023) - WRITE MEM BLOCK Access, AP 0x00000000, Start Addr 0xE0002000, End Addr 0xE000201F, "DAP Write Memory Block - Success" - ID 358
  Item #0, AP 0, Addr 0xE0002000, Value 0x00000002
  Item #1, AP 0, Addr 0xE0002004, Value 0x00000000
  Item #2, AP 0, Addr 0xE0002008, Value 0x00000000
  Item #3, AP 0, Addr 0xE000200C, Value 0x00000000
  Item #4, AP 0, Addr 0xE0002010, Value 0x00000000
  Item #5, AP 0, Addr 0xE0002014, Value 0x00000000
  Item #6, AP 0, Addr 0xE0002018, Value 0x00000000
  Item #7, AP 0, Addr 0xE000201C, Value 0x00000000
07:51:09:906 (13/05/2023) - WRITE MEM Access, AP 0x00000000, Addr 0xE000EDF0, Val 0xA05F0000, "DAP Write Memory (32 bit) - Success" - ID 359
07:51:09:908 (13/05/2023) - WRITE MEM Access, AP 0x00000000, Addr 0xE000EDFC, Val 0x00000000, "DAP Write Memory (32 bit) - Success" - ID 360
07:51:09:911 (13/05/2023) - WRITE DP  Access, Addr 0x00000004, Val 0x00000000, "DAP Write DP - Success" - ID 361
