CMSIS_AGDI.DLL - CMSIS-DAP Driver Log

07:49:29:610 (13/05/2023) - WRITE DP  Access, Addr 0x00000008, Val 0x00000000, "DAP Write DP - Success" - ID 0
07:49:29:612 (13/05/2023) - WRITE DP  Access, Addr 0x00000004, Val 0x50000000, "DAP Write DP - Success" - ID 1
07:49:29:614 (13/05/2023) - READ  DP  Access, Addr 0x00000004, Val 0xF0000040, "DAP Read DP - Success" - ID 2
07:49:29:616 (13/05/2023) - WRITE DP  Access, Addr 0x00000000, Val 0x0000001E, "DAP Write DP - Success" - ID 3
07:49:29:618 (13/05/2023) - WRITE DP  Access, Addr 0x00000004, Val 0x50000F00, "DAP Write DP - Success" - ID 4
07:49:29:623 (13/05/2023) - READ  AP  Access, AP 0x00000000, Addr 0x000000FC, Val 0x24770011, "DAP Read AP - Success" - ID 5
07:49:29:623 (13/05/2023) - READ  AP  Access, AP 0x00000000, Addr 0x000000FC, Val 0x24770011, "SWD Read AP - Success" - ID 6
07:49:29:634 (13/05/2023) - WRITE AP  Access, AP 0x00000000, Addr 0x00000000, Val 0x23000052, "DAP Write AP - Success" - ID 7
07:49:29:638 (13/05/2023) - READ  AP  Access, AP 0x00000000, Addr 0x000000F8, Val 0xE00FF003, "DAP Read AP - Success" - ID 8
07:49:29:647 (13/05/2023) - READ  MEM BLOCK Access, AP 0x00000000, Start Addr 0xE00FFFF0, End Addr 0xE00FFFFF, "DAP Read Memory Block - Success" - ID 9
  Item #0, AP 0, Addr 0xE00FFFF0, Value 0x0000000D
  Item #1, AP 0, Addr 0xE00FFFF4, Value 0x00000010
  Item #2, AP 0, Addr 0xE00FFFF8, Value 0x00000005
  Item #3, AP 0, Addr 0xE00FFFFC, Value 0x000000B1
07:49:29:652 (13/05/2023) - READ  MEM BLOCK Access, AP 0x00000000, Start Addr 0xE00FFFD0, End Addr 0xE00FFFEF, "DAP Read Memory Block - Success" - ID 10
  Item #0, AP 0, Addr 0xE00FFFD0, Value 0x00000007
  Item #1, AP 0, Addr 0xE00FFFD4, Value 0x00000000
  Item #2, AP 0, Addr 0xE00FFFD8, Value 0x00000000
  Item #3, AP 0, Addr 0xE00FFFDC, Value 0x00000000
  Item #4, AP 0, Addr 0xE00FFFE0, Value 0x000000A1
  Item #5, AP 0, Addr 0xE00FFFE4, Value 0x00000015
  Item #6, AP 0, Addr 0xE00FFFE8, Value 0x0000000D
  Item #7, AP 0, Addr 0xE00FFFEC, Value 0x00000000
07:49:29:653 (13/05/2023) - ROM TABLE: Detected Unknown ROM Table at address 0xE00FF000 (PID 0x00000007000D15A1, CID 0xB105100D)
07:49:29:655 (13/05/2023) - READ  MEM Access, AP 0x00000000, Addr 0xE00FF000, Val 0xFFF0F003, "DAP Read Memory (32 bit) - Success" - ID 11
07:49:29:660 (13/05/2023) - READ  MEM BLOCK Access, AP 0x00000000, Start Addr 0xE000EFF0, End Addr 0xE000EFFF, "DAP Read Memory Block - Success" - ID 12
  Item #0, AP 0, Addr 0xE000EFF0, Value 0x0000000D
  Item #1, AP 0, Addr 0xE000EFF4, Value 0x000000E0
  Item #2, AP 0, Addr 0xE000EFF8, Value 0x00000005
  Item #3, AP 0, Addr 0xE000EFFC, Value 0x000000B1
07:49:29:666 (13/05/2023) - READ  MEM BLOCK Access, AP 0x00000000, Start Addr 0xE000EFD0, End Addr 0xE000EFEF, "DAP Read Memory Block - Success" - ID 13
  Item #0, AP 0, Addr 0xE000EFD0, Value 0x00000004
  Item #1, AP 0, Addr 0xE000EFD4, Value 0x00000000
  Item #2, AP 0, Addr 0xE000EFD8, Value 0x00000000
  Item #3, AP 0, Addr 0xE000EFDC, Value 0x00000000
  Item #4, AP 0, Addr 0xE000EFE0, Value 0x0000000C
  Item #5, AP 0, Addr 0xE000EFE4, Value 0x000000B0
  Item #6, AP 0, Addr 0xE000EFE8, Value 0x0000000B
  Item #7, AP 0, Addr 0xE000EFEC, Value 0x00000000
07:49:29:668 (13/05/2023) - WRITE MEM Access, AP 0x00000000, Addr 0xE000EDFC, Val 0x01000000, "DAP Write Memory (32 bit) - Success" - ID 14
07:49:29:668 (13/05/2023) - ROM TABLE: Detected SCS (ARMv7-M with FP Extension) at address 0xE000E000 (PID 0x00000004000BB00C, CID 0xB105E00D)
07:49:29:670 (13/05/2023) - READ  MEM Access, AP 0x00000000, Addr 0xE00FF004, Val 0xFFF02003, "DAP Read Memory (32 bit) - Success" - ID 15
07:49:29:676 (13/05/2023) - READ  MEM BLOCK Access, AP 0x00000000, Start Addr 0xE0001FF0, End Addr 0xE0001FFF, "DAP Read Memory Block - Success" - ID 16
  Item #0, AP 0, Addr 0xE0001FF0, Value 0x0000000D
  Item #1, AP 0, Addr 0xE0001FF4, Value 0x000000E0
  Item #2, AP 0, Addr 0xE0001FF8, Value 0x00000005
  Item #3, AP 0, Addr 0xE0001FFC, Value 0x000000B1
07:49:29:683 (13/05/2023) - READ  MEM BLOCK Access, AP 0x00000000, Start Addr 0xE0001FD0, End Addr 0xE0001FEF, "DAP Read Memory Block - Success" - ID 17
  Item #0, AP 0, Addr 0xE0001FD0, Value 0x00000004
  Item #1, AP 0, Addr 0xE0001FD4, Value 0x00000000
  Item #2, AP 0, Addr 0xE0001FD8, Value 0x00000000
  Item #3, AP 0, Addr 0xE0001FDC, Value 0x00000000
  Item #4, AP 0, Addr 0xE0001FE0, Value 0x00000002
  Item #5, AP 0, Addr 0xE0001FE4, Value 0x000000B0
  Item #6, AP 0, Addr 0xE0001FE8, Value 0x0000003B
  Item #7, AP 0, Addr 0xE0001FEC, Value 0x00000000
07:49:29:683 (13/05/2023) - ROM TABLE: Detected DWT (ARMv7-M) at address 0xE0001000 (PID 0x00000004003BB002, CID 0xB105E00D)
07:49:29:684 (13/05/2023) - READ  MEM Access, AP 0x00000000, Addr 0xE00FF008, Val 0xFFF03003, "DAP Read Memory (32 bit) - Success" - ID 18
07:49:29:690 (13/05/2023) - READ  MEM BLOCK Access, AP 0x00000000, Start Addr 0xE0002FF0, End Addr 0xE0002FFF, "DAP Read Memory Block - Success" - ID 19
  Item #0, AP 0, Addr 0xE0002FF0, Value 0x0000000D
  Item #1, AP 0, Addr 0xE0002FF4, Value 0x000000E0
  Item #2, AP 0, Addr 0xE0002FF8, Value 0x00000005
  Item #3, AP 0, Addr 0xE0002FFC, Value 0x000000B1
07:49:29:697 (13/05/2023) - READ  MEM BLOCK Access, AP 0x00000000, Start Addr 0xE0002FD0, End Addr 0xE0002FEF, "DAP Read Memory Block - Success" - ID 20
  Item #0, AP 0, Addr 0xE0002FD0, Value 0x00000004
  Item #1, AP 0, Addr 0xE0002FD4, Value 0x00000000
  Item #2, AP 0, Addr 0xE0002FD8, Value 0x00000000
  Item #3, AP 0, Addr 0xE0002FDC, Value 0x00000000
  Item #4, AP 0, Addr 0xE0002FE0, Value 0x00000003
  Item #5, AP 0, Addr 0xE0002FE4, Value 0x000000B0
  Item #6, AP 0, Addr 0xE0002FE8, Value 0x0000002B
  Item #7, AP 0, Addr 0xE0002FEC, Value 0x00000000
07:49:29:697 (13/05/2023) - ROM TABLE: Detected FPB (ARMv7-M) at address 0xE0002000 (PID 0x00000004002BB003, CID 0xB105E00D)
07:49:29:699 (13/05/2023) - READ  MEM Access, AP 0x00000000, Addr 0xE00FF00C, Val 0xFFF01003, "DAP Read Memory (32 bit) - Success" - ID 21
07:49:29:705 (13/05/2023) - READ  MEM BLOCK Access, AP 0x00000000, Start Addr 0xE0000FF0, End Addr 0xE0000FFF, "DAP Read Memory Block - Success" - ID 22
  Item #0, AP 0, Addr 0xE0000FF0, Value 0x0000000D
  Item #1, AP 0, Addr 0xE0000FF4, Value 0x000000E0
  Item #2, AP 0, Addr 0xE0000FF8, Value 0x00000005
  Item #3, AP 0, Addr 0xE0000FFC, Value 0x000000B1
07:49:29:711 (13/05/2023) - READ  MEM BLOCK Access, AP 0x00000000, Start Addr 0xE0000FD0, End Addr 0xE0000FEF, "DAP Read Memory Block - Success" - ID 23
  Item #0, AP 0, Addr 0xE0000FD0, Value 0x00000004
  Item #1, AP 0, Addr 0xE0000FD4, Value 0x00000000
  Item #2, AP 0, Addr 0xE0000FD8, Value 0x00000000
  Item #3, AP 0, Addr 0xE0000FDC, Value 0x00000000
  Item #4, AP 0, Addr 0xE0000FE0, Value 0x00000001
  Item #5, AP 0, Addr 0xE0000FE4, Value 0x000000B0
  Item #6, AP 0, Addr 0xE0000FE8, Value 0x0000003B
  Item #7, AP 0, Addr 0xE0000FEC, Value 0x00000000
07:49:29:711 (13/05/2023) - ROM TABLE: Detected ITM (ARMv7-M) at address 0xE0000000 (PID 0x00000004003BB001, CID 0xB105E00D)
07:49:29:713 (13/05/2023) - READ  MEM Access, AP 0x00000000, Addr 0xE00FF010, Val 0xFFF41003, "DAP Read Memory (32 bit) - Success" - ID 24
07:49:29:719 (13/05/2023) - READ  MEM BLOCK Access, AP 0x00000000, Start Addr 0xE0040FF0, End Addr 0xE0040FFF, "DAP Read Memory Block - Success" - ID 25
  Item #0, AP 0, Addr 0xE0040FF0, Value 0x0000000D
  Item #1, AP 0, Addr 0xE0040FF4, Value 0x00000090
  Item #2, AP 0, Addr 0xE0040FF8, Value 0x00000005
  Item #3, AP 0, Addr 0xE0040FFC, Value 0x000000B1
07:49:29:725 (13/05/2023) - READ  MEM BLOCK Access, AP 0x00000000, Start Addr 0xE0040FD0, End Addr 0xE0040FEF, "DAP Read Memory Block - Success" - ID 26
  Item #0, AP 0, Addr 0xE0040FD0, Value 0x00000004
  Item #1, AP 0, Addr 0xE0040FD4, Value 0x00000000
  Item #2, AP 0, Addr 0xE0040FD8, Value 0x00000000
  Item #3, AP 0, Addr 0xE0040FDC, Value 0x00000000
  Item #4, AP 0, Addr 0xE0040FE0, Value 0x000000A1
  Item #5, AP 0, Addr 0xE0040FE4, Value 0x000000B9
  Item #6, AP 0, Addr 0xE0040FE8, Value 0x0000000B
  Item #7, AP 0, Addr 0xE0040FEC, Value 0x00000000
07:49:29:725 (13/05/2023) - ROM TABLE: Detected TPIU (Cortex-M4) at address 0xE0040000 (PID 0x00000004000BB9A1, CID 0xB105900D)
07:49:29:727 (13/05/2023) - READ  MEM Access, AP 0x00000000, Addr 0xE00FF014, Val 0xFFF42003, "DAP Read Memory (32 bit) - Success" - ID 27
07:49:29:733 (13/05/2023) - READ  MEM BLOCK Access, AP 0x00000000, Start Addr 0xE0041FF0, End Addr 0xE0041FFF, "DAP Read Memory Block - Success" - ID 28
  Item #0, AP 0, Addr 0xE0041FF0, Value 0x00000000
  Item #1, AP 0, Addr 0xE0041FF4, Value 0x00000000
  Item #2, AP 0, Addr 0xE0041FF8, Value 0x00000000
  Item #3, AP 0, Addr 0xE0041FFC, Value 0x00000000
07:49:29:739 (13/05/2023) - READ  MEM BLOCK Access, AP 0x00000000, Start Addr 0xE0041FD0, End Addr 0xE0041FEF, "DAP Read Memory Block - Success" - ID 29
  Item #0, AP 0, Addr 0xE0041FD0, Value 0x00000000
  Item #1, AP 0, Addr 0xE0041FD4, Value 0x00000000
  Item #2, AP 0, Addr 0xE0041FD8, Value 0x00000000
  Item #3, AP 0, Addr 0xE0041FDC, Value 0x00000000
  Item #4, AP 0, Addr 0xE0041FE0, Value 0x00000000
  Item #5, AP 0, Addr 0xE0041FE4, Value 0x00000000
  Item #6, AP 0, Addr 0xE0041FE8, Value 0x00000000
  Item #7, AP 0, Addr 0xE0041FEC, Value 0x00000000
07:49:29:739 (13/05/2023) - ROM TABLE: Detected Component with empty PID at address 0xE0041000 (PID 0x0000000000000000, CID 0x00000000)
07:49:29:739 (13/05/2023) - ROM TABLE: Detected Component with empty PID at address 0xE0041000 (PID 0x0000000000000000, CID 0x00000000)
07:49:29:741 (13/05/2023) - READ  MEM Access, AP 0x00000000, Addr 0xE00FF018, Val 0x00000000, "DAP Read Memory (32 bit) - Success" - ID 30
07:49:29:743 (13/05/2023) - READ  MEM Access, AP 0x00000000, Addr 0xE000ED00, Val 0x410FC241, "DAP Read Memory (32 bit) - Success" - ID 31
07:49:29:745 (13/05/2023) - READ  MEM Access, AP 0x00000000, Addr 0xE000EF40, Val 0x10110021, "DAP Read Memory (32 bit) - Success" - ID 32
07:49:29:746 (13/05/2023) - READ  MEM Access, AP 0x00000000, Addr 0xE000EF44, Val 0x11000011, "DAP Read Memory (32 bit) - Success" - ID 33
07:49:29:748 (13/05/2023) - READ  DP  Access, Addr 0x00000004, Val 0xF0000F40, "DAP Read DP - Success" - ID 34
07:49:29:750 (13/05/2023) - WRITE MEM Access, AP 0x00000000, Addr 0xE000EDFC, Val 0x00000001, "DAP Write Memory (32 bit) - Success" - ID 35
07:49:29:753 (13/05/2023) - WRITE MEM Access, AP 0x00000000, Addr 0xE000EDF0, Val 0xA05F0003, "DAP Write Memory (32 bit) - Success" - ID 36
07:49:29:754 (13/05/2023) - READ  MEM Access, AP 0x00000000, Addr 0xE000EDF0, Val 0x01030003, "DAP Read Memory (32 bit) - Success" - ID 37
07:49:29:756 (13/05/2023) - WRITE MEM Access, AP 0x00000000, Addr 0xE000EDF0, Val 0xA05F0003, "DAP Write Memory (32 bit) - Success" - ID 38
07:49:29:758 (13/05/2023) - WRITE MEM Access, AP 0x00000000, Addr 0xE000EDFC, Val 0x01000001, "DAP Write Memory (32 bit) - Success" - ID 39
07:49:29:760 (13/05/2023) - READ  MEM Access, AP 0x00000000, Addr 0xE0002000, Val 0x00000260, "DAP Read Memory (32 bit) - Success" - ID 40
07:49:29:762 (13/05/2023) - READ  MEM Access, AP 0x00000000, Addr 0xE0001000, Val 0x40000001, "DAP Read Memory (32 bit) - Success" - ID 41
07:49:29:765 (13/05/2023) - WRITE MEM Access, AP 0x00000000, Addr 0xE0001024, Val 0x0000001F, "DAP Write Memory (32 bit) - Success" - ID 42
07:49:29:767 (13/05/2023) - READ  MEM Access, AP 0x00000000, Addr 0xE0001024, Val 0x0000000F, "DAP Read Memory (32 bit) - Success" - ID 43
07:49:29:769 (13/05/2023) - WRITE MEM Access, AP 0x00000000, Addr 0xE0001024, Val 0x00000000, "DAP Write Memory (32 bit) - Success" - ID 44
07:49:29:771 (13/05/2023) - WRITE MEM Access, AP 0x00000000, Addr 0xE0001028, Val 0x00000100, "DAP Write Memory (32 bit) - Success" - ID 45
07:49:29:773 (13/05/2023) - READ  MEM Access, AP 0x00000000, Addr 0xE0001028, Val 0x00000000, "DAP Read Memory (32 bit) - Success" - ID 46
07:49:29:774 (13/05/2023) - WRITE MEM Access, AP 0x00000000, Addr 0xE0001028, Val 0x00000080, "DAP Write Memory (32 bit) - Success" - ID 47
07:49:29:776 (13/05/2023) - READ  MEM Access, AP 0x00000000, Addr 0xE0001028, Val 0x00000080, "DAP Read Memory (32 bit) - Success" - ID 48
07:49:29:779 (13/05/2023) - WRITE MEM Access, AP 0x00000000, Addr 0xE0001028, Val 0x00000000, "DAP Write Memory (32 bit) - Success" - ID 49
07:49:29:781 (13/05/2023) - WRITE MEM Access, AP 0x00000000, Addr 0xE0001038, Val 0x00000100, "DAP Write Memory (32 bit) - Success" - ID 50
07:49:29:783 (13/05/2023) - READ  MEM Access, AP 0x00000000, Addr 0xE0001038, Val 0x00000300, "DAP Read Memory (32 bit) - Success" - ID 51
07:49:29:785 (13/05/2023) - WRITE MEM Access, AP 0x00000000, Addr 0xE0001038, Val 0x00000080, "DAP Write Memory (32 bit) - Success" - ID 52
07:49:29:787 (13/05/2023) - READ  MEM Access, AP 0x00000000, Addr 0xE0001038, Val 0x00000200, "DAP Read Memory (32 bit) - Success" - ID 53
07:49:29:788 (13/05/2023) - WRITE MEM Access, AP 0x00000000, Addr 0xE0001038, Val 0x00000000, "DAP Write Memory (32 bit) - Success" - ID 54
07:49:29:790 (13/05/2023) - WRITE MEM Access, AP 0x00000000, Addr 0xE0001048, Val 0x00000100, "DAP Write Memory (32 bit) - Success" - ID 55
07:49:29:793 (13/05/2023) - READ  MEM Access, AP 0x00000000, Addr 0xE0001048, Val 0x00000000, "DAP Read Memory (32 bit) - Success" - ID 56
07:49:29:795 (13/05/2023) - WRITE MEM Access, AP 0x00000000, Addr 0xE0001048, Val 0x00000080, "DAP Write Memory (32 bit) - Success" - ID 57
07:49:29:797 (13/05/2023) - READ  MEM Access, AP 0x00000000, Addr 0xE0001048, Val 0x00000000, "DAP Read Memory (32 bit) - Success" - ID 58
07:49:29:799 (13/05/2023) - WRITE MEM Access, AP 0x00000000, Addr 0xE0001048, Val 0x00000000, "DAP Write Memory (32 bit) - Success" - ID 59
07:49:29:801 (13/05/2023) - WRITE MEM Access, AP 0x00000000, Addr 0xE0001058, Val 0x00000100, "DAP Write Memory (32 bit) - Success" - ID 60
07:49:29:803 (13/05/2023) - READ  MEM Access, AP 0x00000000, Addr 0xE0001058, Val 0x00000000, "DAP Read Memory (32 bit) - Success" - ID 61
07:49:29:805 (13/05/2023) - WRITE MEM Access, AP 0x00000000, Addr 0xE0001058, Val 0x00000080, "DAP Write Memory (32 bit) - Success" - ID 62
07:49:29:807 (13/05/2023) - READ  MEM Access, AP 0x00000000, Addr 0xE0001058, Val 0x00000000, "DAP Read Memory (32 bit) - Success" - ID 63
07:49:29:810 (13/05/2023) - WRITE MEM Access, AP 0x00000000, Addr 0xE0001058, Val 0x00000000, "DAP Write Memory (32 bit) - Success" - ID 64
07:49:29:813 (13/05/2023) - WRITE MEM Access, AP 0x00000000, Addr 0xE0002000, Val 0x00000002, "DAP Write Memory (32 bit) - Success" - ID 65
07:49:29:815 (13/05/2023) - WRITE MEM Access, AP 0x00000000, Addr 0xE0001028, Val 0x00000000, "DAP Write Memory (32 bit) - Success" - ID 66
07:49:29:817 (13/05/2023) - WRITE MEM Access, AP 0x00000000, Addr 0xE0001038, Val 0x00000000, "DAP Write Memory (32 bit) - Success" - ID 67
07:49:29:819 (13/05/2023) - WRITE MEM Access, AP 0x00000000, Addr 0xE0001048, Val 0x00000000, "DAP Write Memory (32 bit) - Success" - ID 68
07:49:29:821 (13/05/2023) - WRITE MEM Access, AP 0x00000000, Addr 0xE0001058, Val 0x00000000, "DAP Write Memory (32 bit) - Success" - ID 69
07:49:29:823 (13/05/2023) - READ  MEM Access, AP 0x00000000, Addr 0xE000E004, Val 0x00000002, "DAP Read Memory (32 bit) - Success" - ID 70
07:49:29:829 (13/05/2023) - WRITE MEM BLOCK Access, AP 0x00000000, Start Addr 0xE0001000, End Addr 0xE000101B, "DAP Write Memory Block - Success" - ID 71
  Item #0, AP 0, Addr 0xE0001000, Value 0x00000001
  Item #1, AP 0, Addr 0xE0001004, Value 0x00000000
  Item #2, AP 0, Addr 0xE0001008, Value 0x00000000
  Item #3, AP 0, Addr 0xE000100C, Value 0x00000000
  Item #4, AP 0, Addr 0xE0001010, Value 0x00000000
  Item #5, AP 0, Addr 0xE0001014, Value 0x00000000
  Item #6, AP 0, Addr 0xE0001018, Value 0x00000000
07:49:29:841 (13/05/2023) - WRITE MEM Access, AP 0x00000000, Addr 0xE000EDFC, Val 0x00000001, "DAP Write Memory (32 bit) - Success" - ID 72
07:49:29:844 (13/05/2023) - READ  MEM Access, AP 0x00000000, Addr 0xE000EDF0, Val 0x00030003, "DAP Read Memory (32 bit) - Success" - ID 73
07:49:29:845 (13/05/2023) - WRITE MEM Access, AP 0x00000000, Addr 0xE000ED0C, Val 0x05FA0004, "DAP Write Memory (32 bit) - Success" - ID 74
07:49:29:848 (13/05/2023) - READ  MEM Access, AP 0x00000000, Addr 0xE000EDF0, Val 0x02030003, "DAP Read Memory (32 bit) - Success" - ID 75
07:49:29:849 (13/05/2023) - READ  MEM Access, AP 0x00000000, Addr 0xE000EDF0, Val 0x00030003, "DAP Read Memory (32 bit) - Success" - ID 76
07:49:29:860 (13/05/2023) - READ  MEM Access, AP 0x00000000, Addr 0xE000EDF0, Val 0x00030003, "DAP Read Memory (32 bit) - Success" - ID 77
07:49:29:862 (13/05/2023) - READ  MEM Access, AP 0x00000000, Addr 0xE000EDF0, Val 0x00030003, "DAP Read Memory (32 bit) - Success" - ID 78
07:49:29:885 (13/05/2023) - READ  MEM BLOCK Access, AP 0x00000000, Start Addr 0xE0001004, End Addr 0xE0001007, "DAP Read Memory Block - Success" - ID 79
  Item #0, AP 0, Addr 0xE0001004, Value 0x00000000
07:49:30:026 (13/05/2023) - WRITE MEM Access, AP 0x00000000, Addr 0xE000EDFC, Val 0x00000001, "DAP Write Memory (32 bit) - Success" - ID 80
07:49:30:028 (13/05/2023) - READ  MEM Access, AP 0x00000000, Addr 0xE000EDF0, Val 0x00030003, "DAP Read Memory (32 bit) - Success" - ID 81
07:49:30:122 (13/05/2023) - WRITE MEM Access, AP 0x00000000, Addr 0xE0001008, Val 0x00000000, "DAP Write Memory (32 bit) - Success" - ID 82
07:49:30:124 (13/05/2023) - WRITE MEM Access, AP 0x00000000, Addr 0xE000100C, Val 0x00000000, "DAP Write Memory (32 bit) - Success" - ID 83
07:49:30:126 (13/05/2023) - WRITE MEM Access, AP 0x00000000, Addr 0xE0001010, Val 0x00000000, "DAP Write Memory (32 bit) - Success" - ID 84
07:49:30:128 (13/05/2023) - WRITE MEM Access, AP 0x00000000, Addr 0xE0001014, Val 0x00000000, "DAP Write Memory (32 bit) - Success" - ID 85
07:49:30:130 (13/05/2023) - WRITE MEM Access, AP 0x00000000, Addr 0xE0001018, Val 0x00000000, "DAP Write Memory (32 bit) - Success" - ID 86
07:49:30:136 (13/05/2023) - WRITE MEM Access, AP 0x00000000, Addr 0xE000ED0C, Val 0x05FA0004, "DAP Write Memory (32 bit) - Success" - ID 87
07:49:30:138 (13/05/2023) - READ  MEM Access, AP 0x00000000, Addr 0xE000EDF0, Val 0x02030003, "DAP Read Memory (32 bit) - Success" - ID 88
07:49:30:140 (13/05/2023) - READ  MEM Access, AP 0x00000000, Addr 0xE000EDF0, Val 0x00030003, "DAP Read Memory (32 bit) - Success" - ID 89
07:49:30:150 (13/05/2023) - READ  MEM Access, AP 0x00000000, Addr 0xE000EDF0, Val 0x00030003, "DAP Read Memory (32 bit) - Success" - ID 90
07:49:30:152 (13/05/2023) - READ  MEM Access, AP 0x00000000, Addr 0xE000EDF0, Val 0x00030003, "DAP Read Memory (32 bit) - Success" - ID 91
07:49:30:175 (13/05/2023) - READ  MEM BLOCK Access, AP 0x00000000, Start Addr 0x080001AC, End Addr 0x080001E7, "DAP Read Memory Block - Success" - ID 92
  Item #0, AP 0, Addr 0x080001AC, Value 0xD00CF8DF
  Item #1, AP 0, Addr 0x080001B0, Value 0xF818F000
  Item #2, AP 0, Addr 0x080001B4, Value 0x47004800
  Item #3, AP 0, Addr 0x080001B8, Value 0x0800057D
  Item #4, AP 0, Addr 0x080001BC, Value 0x20000410
  Item #5, AP 0, Addr 0x080001C0, Value 0x47804806
  Item #6, AP 0, Addr 0x080001C4, Value 0x47004806
  Item #7, AP 0, Addr 0x080001C8, Value 0xE7FEE7FE
  Item #8, AP 0, Addr 0x080001CC, Value 0xE7FEE7FE
  Item #9, AP 0, Addr 0x080001D0, Value 0xE7FEE7FE
  Item #10, AP 0, Addr 0x080001D4, Value 0xE7FEE7FE
  Item #11, AP 0, Addr 0x080001D8, Value 0xE7FEE7FE
  Item #12, AP 0, Addr 0x080001DC, Value 0x080002C5
  Item #13, AP 0, Addr 0x080001E0, Value 0x080001AD
  Item #14, AP 0, Addr 0x080001E4, Value 0x4D074C06
07:49:30:291 (13/05/2023) - WRITE MEM Access, AP 0x00000000, Addr 0xE0001008, Val 0x00000000, "DAP Write Memory (32 bit) - Success" - ID 93
07:49:30:293 (13/05/2023) - WRITE MEM Access, AP 0x00000000, Addr 0xE000100C, Val 0x00000000, "DAP Write Memory (32 bit) - Success" - ID 94
07:49:30:295 (13/05/2023) - WRITE MEM Access, AP 0x00000000, Addr 0xE0001010, Val 0x00000000, "DAP Write Memory (32 bit) - Success" - ID 95
07:49:30:297 (13/05/2023) - WRITE MEM Access, AP 0x00000000, Addr 0xE0001014, Val 0x00000000, "DAP Write Memory (32 bit) - Success" - ID 96
07:49:30:299 (13/05/2023) - WRITE MEM Access, AP 0x00000000, Addr 0xE0001018, Val 0x00000000, "DAP Write Memory (32 bit) - Success" - ID 97
07:49:30:424 (13/05/2023) - READ  MEM Access, AP 0x00000000, Addr 0xE000EDF0, Val 0x00030003, "DAP Read Memory (32 bit) - Success" - ID 98
07:49:30:675 (13/05/2023) - READ  MEM Access, AP 0x00000000, Addr 0xE000EDF0, Val 0x00030003, "DAP Read Memory (32 bit) - Success" - ID 99
07:49:30:930 (13/05/2023) - READ  MEM Access, AP 0x00000000, Addr 0xE000EDF0, Val 0x00030003, "DAP Read Memory (32 bit) - Success" - ID 100
07:49:31:184 (13/05/2023) - READ  MEM Access, AP 0x00000000, Addr 0xE000EDF0, Val 0x00030003, "DAP Read Memory (32 bit) - Success" - ID 101
07:49:31:437 (13/05/2023) - READ  MEM Access, AP 0x00000000, Addr 0xE000EDF0, Val 0x00030003, "DAP Read Memory (32 bit) - Success" - ID 102
07:49:31:690 (13/05/2023) - READ  MEM Access, AP 0x00000000, Addr 0xE000EDF0, Val 0x00030003, "DAP Read Memory (32 bit) - Success" - ID 103
07:49:31:954 (13/05/2023) - READ  MEM Access, AP 0x00000000, Addr 0xE000EDF0, Val 0x00030003, "DAP Read Memory (32 bit) - Success" - ID 104
07:49:32:100 (13/05/2023) - READ  MEM BLOCK Access, AP 0x00000000, Start Addr 0x08000604, End Addr 0x08000607, "DAP Read Memory Block - Success" - ID 105
  Item #0, AP 0, Addr 0x08000604, Value 0xF7FF9803
07:49:32:106 (13/05/2023) - WRITE MEM BLOCK Access, AP 0x00000000, Start Addr 0x08000604, End Addr 0x08000607, "DAP Write Memory Block - Success" - ID 106
  Item #0, AP 0, Addr 0x08000604, Value 0xBE009803
07:49:32:112 (13/05/2023) - READ  MEM BLOCK Access, AP 0x00000000, Start Addr 0x08000604, End Addr 0x08000607, "DAP Read Memory Block - Success" - ID 107
  Item #0, AP 0, Addr 0x08000604, Value 0xF7FF9803
07:49:32:147 (13/05/2023) - READ  MEM BLOCK Access, AP 0x00000000, Start Addr 0x080001C0, End Addr 0x080001C1, "DAP Read Memory Block - Success" - ID 108
  Item #0, AP 0, Addr 0x080001C0, Value 0x4806
07:49:32:192 (13/05/2023) - WRITE MEM Access, AP 0x00000000, Addr 0xE0001008, Val 0x00000000, "DAP Write Memory (32 bit) - Success" - ID 109
07:49:32:194 (13/05/2023) - WRITE MEM Access, AP 0x00000000, Addr 0xE000100C, Val 0x00000000, "DAP Write Memory (32 bit) - Success" - ID 110
07:49:32:196 (13/05/2023) - WRITE MEM Access, AP 0x00000000, Addr 0xE0001010, Val 0x00000000, "DAP Write Memory (32 bit) - Success" - ID 111
07:49:32:197 (13/05/2023) - WRITE MEM Access, AP 0x00000000, Addr 0xE0001014, Val 0x00000000, "DAP Write Memory (32 bit) - Success" - ID 112
07:49:32:200 (13/05/2023) - WRITE MEM Access, AP 0x00000000, Addr 0xE0001018, Val 0x00000000, "DAP Write Memory (32 bit) - Success" - ID 113
07:49:32:217 (13/05/2023) - WRITE MEM BLOCK Access, AP 0x00000000, Start Addr 0xE0001020, End Addr 0xE000105F, "DAP Write Memory Block - Success" - ID 114
  Item #0, AP 0, Addr 0xE0001020, Value 0x00000000
  Item #1, AP 0, Addr 0xE0001024, Value 0x00000000
  Item #2, AP 0, Addr 0xE0001028, Value 0x00000000
  Item #3, AP 0, Addr 0xE000102C, Value 0x00000000
  Item #4, AP 0, Addr 0xE0001030, Value 0x00000000
  Item #5, AP 0, Addr 0xE0001034, Value 0x00000000
  Item #6, AP 0, Addr 0xE0001038, Value 0x00000000
  Item #7, AP 0, Addr 0xE000103C, Value 0x00000000
  Item #8, AP 0, Addr 0xE0001040, Value 0x00000000
  Item #9, AP 0, Addr 0xE0001044, Value 0x00000000
  Item #10, AP 0, Addr 0xE0001048, Value 0x00000000
  Item #11, AP 0, Addr 0xE000104C, Value 0x00000000
  Item #12, AP 0, Addr 0xE0001050, Value 0x00000000
  Item #13, AP 0, Addr 0xE0001054, Value 0x00000000
  Item #14, AP 0, Addr 0xE0001058, Value 0x00000000
  Item #15, AP 0, Addr 0xE000105C, Value 0x00000000
07:49:32:224 (13/05/2023) - WRITE MEM BLOCK Access, AP 0x00000000, Start Addr 0xE0001020, End Addr 0xE000105F, "DAP Write Memory Block - Success" - ID 115
  Item #0, AP 0, Addr 0xE0001020, Value 0x00000000
  Item #1, AP 0, Addr 0xE0001024, Value 0x00000000
  Item #2, AP 0, Addr 0xE0001028, Value 0x00000000
  Item #3, AP 0, Addr 0xE000102C, Value 0x00000000
  Item #4, AP 0, Addr 0xE0001030, Value 0x00000000
  Item #5, AP 0, Addr 0xE0001034, Value 0x00000000
  Item #6, AP 0, Addr 0xE0001038, Value 0x00000000
  Item #7, AP 0, Addr 0xE000103C, Value 0x00000000
  Item #8, AP 0, Addr 0xE0001040, Value 0x00000000
  Item #9, AP 0, Addr 0xE0001044, Value 0x00000000
  Item #10, AP 0, Addr 0xE0001048, Value 0x00000000
  Item #11, AP 0, Addr 0xE000104C, Value 0x00000000
  Item #12, AP 0, Addr 0xE0001050, Value 0x00000000
  Item #13, AP 0, Addr 0xE0001054, Value 0x00000000
  Item #14, AP 0, Addr 0xE0001058, Value 0x00000000
  Item #15, AP 0, Addr 0xE000105C, Value 0x00000000
07:49:32:226 (13/05/2023) - WRITE MEM Access, AP 0x00000000, Addr 0xE000ED30, Val 0x0000001F, "DAP Write Memory (32 bit) - Success" - ID 116
07:49:32:228 (13/05/2023) - WRITE MEM Access, AP 0x00000000, Addr 0xE000EDF0, Val 0xA05F0001, "DAP Write Memory (32 bit) - Success" - ID 117
07:49:32:230 (13/05/2023) - READ  MEM Access, AP 0x00000000, Addr 0xE000EDF0, Val 0x01030003, "DAP Read Memory (32 bit) - Success" - ID 118
07:49:32:232 (13/05/2023) - READ  MEM Access, AP 0x00000000, Addr 0xE000EDF0, Val 0x00030003, "DAP Read Memory (32 bit) - Success" - ID 119
07:49:32:299 (13/05/2023) - WRITE MEM BLOCK Access, AP 0x00000000, Start Addr 0xE0002000, End Addr 0xE000201F, "DAP Write Memory Block - Success" - ID 120
  Item #0, AP 0, Addr 0xE0002000, Value 0x00000002
  Item #1, AP 0, Addr 0xE0002004, Value 0x00000000
  Item #2, AP 0, Addr 0xE0002008, Value 0x00000000
  Item #3, AP 0, Addr 0xE000200C, Value 0x00000000
  Item #4, AP 0, Addr 0xE0002010, Value 0x00000000
  Item #5, AP 0, Addr 0xE0002014, Value 0x00000000
  Item #6, AP 0, Addr 0xE0002018, Value 0x00000000
  Item #7, AP 0, Addr 0xE000201C, Value 0x00000000
07:49:32:306 (13/05/2023) - WRITE MEM BLOCK Access, AP 0x00000000, Start Addr 0xE0001020, End Addr 0xE000105F, "DAP Write Memory Block - Success" - ID 121
  Item #0, AP 0, Addr 0xE0001020, Value 0x00000000
  Item #1, AP 0, Addr 0xE0001024, Value 0x00000000
  Item #2, AP 0, Addr 0xE0001028, Value 0x00000000
  Item #3, AP 0, Addr 0xE000102C, Value 0x00000000
  Item #4, AP 0, Addr 0xE0001030, Value 0x00000000
  Item #5, AP 0, Addr 0xE0001034, Value 0x00000000
  Item #6, AP 0, Addr 0xE0001038, Value 0x00000000
  Item #7, AP 0, Addr 0xE000103C, Value 0x00000000
  Item #8, AP 0, Addr 0xE0001040, Value 0x00000000
  Item #9, AP 0, Addr 0xE0001044, Value 0x00000000
  Item #10, AP 0, Addr 0xE0001048, Value 0x00000000
  Item #11, AP 0, Addr 0xE000104C, Value 0x00000000
  Item #12, AP 0, Addr 0xE0001050, Value 0x00000000
  Item #13, AP 0, Addr 0xE0001054, Value 0x00000000
  Item #14, AP 0, Addr 0xE0001058, Value 0x00000000
  Item #15, AP 0, Addr 0xE000105C, Value 0x00000000
07:49:32:313 (13/05/2023) - WRITE MEM BLOCK Access, AP 0x00000000, Start Addr 0xE0001020, End Addr 0xE000105F, "DAP Write Memory Block - Success" - ID 122
  Item #0, AP 0, Addr 0xE0001020, Value 0x00000000
  Item #1, AP 0, Addr 0xE0001024, Value 0x00000000
  Item #2, AP 0, Addr 0xE0001028, Value 0x00000000
  Item #3, AP 0, Addr 0xE000102C, Value 0x00000000
  Item #4, AP 0, Addr 0xE0001030, Value 0x00000000
  Item #5, AP 0, Addr 0xE0001034, Value 0x00000000
  Item #6, AP 0, Addr 0xE0001038, Value 0x00000000
  Item #7, AP 0, Addr 0xE000103C, Value 0x00000000
  Item #8, AP 0, Addr 0xE0001040, Value 0x00000000
  Item #9, AP 0, Addr 0xE0001044, Value 0x00000000
  Item #10, AP 0, Addr 0xE0001048, Value 0x00000000
  Item #11, AP 0, Addr 0xE000104C, Value 0x00000000
  Item #12, AP 0, Addr 0xE0001050, Value 0x00000000
  Item #13, AP 0, Addr 0xE0001054, Value 0x00000000
  Item #14, AP 0, Addr 0xE0001058, Value 0x00000000
  Item #15, AP 0, Addr 0xE000105C, Value 0x00000000
07:49:32:315 (13/05/2023) - READ  MEM Access, AP 0x00000000, Addr 0xE000ED30, Val 0x00000002, "DAP Read Memory (32 bit) - Success" - ID 123
07:49:32:317 (13/05/2023) - READ  MEM Access, AP 0x00000000, Addr 0xE0001028, Val 0x00000000, "DAP Read Memory (32 bit) - Success" - ID 124
07:49:32:319 (13/05/2023) - READ  MEM Access, AP 0x00000000, Addr 0xE0001038, Val 0x00000200, "DAP Read Memory (32 bit) - Success" - ID 125
07:49:32:321 (13/05/2023) - READ  MEM Access, AP 0x00000000, Addr 0xE0001048, Val 0x00000000, "DAP Read Memory (32 bit) - Success" - ID 126
07:49:32:323 (13/05/2023) - READ  MEM Access, AP 0x00000000, Addr 0xE0001058, Val 0x00000000, "DAP Read Memory (32 bit) - Success" - ID 127
07:49:32:381 (13/05/2023) - READ  MEM BLOCK Access, AP 0x00000000, Start Addr 0x20000438, End Addr 0x2000043B, "DAP Read Memory Block - Success" - ID 128
  Item #0, AP 0, Addr 0x20000438, Value 0xFFFFFFFF
07:49:32:387 (13/05/2023) - READ  MEM BLOCK Access, AP 0x00000000, Start Addr 0x20000434, End Addr 0x20000437, "DAP Read Memory Block - Success" - ID 129
  Item #0, AP 0, Addr 0x20000434, Value 0xFFFFFFFF
07:49:32:393 (13/05/2023) - READ  MEM BLOCK Access, AP 0x00000000, Start Addr 0x20000430, End Addr 0x20000433, "DAP Read Memory Block - Success" - ID 130
  Item #0, AP 0, Addr 0x20000430, Value 0xFFFFFFFF
07:49:32:400 (13/05/2023) - READ  MEM Access, AP 0x00000000, Addr 0xE0001004, Val 0x00002203, "DAP Read Memory (32 bit) - Success" - ID 131
07:49:32:414 (13/05/2023) - READ  MEM BLOCK Access, AP 0x00000000, Start Addr 0x0800047C, End Addr 0x080004B7, "DAP Read Memory Block - Success" - ID 132
  Item #0, AP 0, Addr 0x0800047C, Value 0xB32007C0
  Item #1, AP 0, Addr 0x08000480, Value 0xF8BDE7FF
  Item #2, AP 0, Addr 0x08000484, Value 0x0041000A
  Item #3, AP 0, Addr 0x08000488, Value 0xFA002003
  Item #4, AP 0, Addr 0x0800048C, Value 0x9901F201
  Item #5, AP 0, Addr 0x08000490, Value 0x91014391
  Item #6, AP 0, Addr 0x08000494, Value 0xF8BD9905
  Item #7, AP 0, Addr 0x08000498, Value 0x0052200A
  Item #8, AP 0, Addr 0x0800049C, Value 0xF202FA01
  Item #9, AP 0, Addr 0x080004A0, Value 0x43119901
  Item #10, AP 0, Addr 0x080004A4, Value 0xF8BD9101
  Item #11, AP 0, Addr 0x080004A8, Value 0x0049100A
  Item #12, AP 0, Addr 0x080004AC, Value 0xF101FA00
  Item #13, AP 0, Addr 0x080004B0, Value 0x43889800
  Item #14, AP 0, Addr 0x080004B4, Value 0x98049000
07:49:32:422 (13/05/2023) - READ  MEM BLOCK Access, AP 0x00000000, Start Addr 0x080004B8, End Addr 0x080004F3, "DAP Read Memory Block - Success" - ID 133
  Item #0, AP 0, Addr 0x080004B8, Value 0x100AF8BD
  Item #1, AP 0, Addr 0x080004BC, Value 0xFA000049
  Item #2, AP 0, Addr 0x080004C0, Value 0x9800F101
  Item #3, AP 0, Addr 0x080004C4, Value 0x90004308
  Item #4, AP 0, Addr 0x080004C8, Value 0xE7FFE7FF
  Item #5, AP 0, Addr 0x080004CC, Value 0x000AF8BD
  Item #6, AP 0, Addr 0x080004D0, Value 0xF8AD3001
  Item #7, AP 0, Addr 0x080004D4, Value 0xE7C8000A
  Item #8, AP 0, Addr 0x080004D8, Value 0x99069801
  Item #9, AP 0, Addr 0x080004DC, Value 0x98006008
  Item #10, AP 0, Addr 0x080004E0, Value 0x60C89906
  Item #11, AP 0, Addr 0x080004E4, Value 0x4770B007
  Item #12, AP 0, Addr 0x080004E8, Value 0x9005B086
  Item #13, AP 0, Addr 0x080004EC, Value 0x1013F88D
  Item #14, AP 0, Addr 0x080004F0, Value 0x93029203
07:49:32:430 (13/05/2023) - READ  MEM BLOCK Access, AP 0x00000000, Start Addr 0x080004F4, End Addr 0x0800052F, "DAP Read Memory Block - Success" - ID 134
  Item #0, AP 0, Addr 0x080004F4, Value 0x0013F89D
  Item #1, AP 0, Addr 0x080004F8, Value 0xD1062801
  Item #2, AP 0, Addr 0x080004FC, Value 0x9A02E7FF
  Item #3, AP 0, Addr 0x08000500, Value 0x68489905
  Item #4, AP 0, Addr 0x08000504, Value 0x60484310
  Item #5, AP 0, Addr 0x08000508, Value 0x9A02E005
  Item #6, AP 0, Addr 0x0800050C, Value 0x68489905
  Item #7, AP 0, Addr 0x08000510, Value 0x60484390
  Item #8, AP 0, Addr 0x08000514, Value 0x9805E7FF
  Item #9, AP 0, Addr 0x08000518, Value 0x90006880
  Item #10, AP 0, Addr 0x0800051C, Value 0xF8AD2000
  Item #11, AP 0, Addr 0x08000520, Value 0xE7FF0006
  Item #12, AP 0, Addr 0x08000524, Value 0x0006F8BD
  Item #13, AP 0, Addr 0x08000528, Value 0xD821280F
  Item #14, AP 0, Addr 0x0800052C, Value 0xF8BDE7FF
07:49:32:438 (13/05/2023) - READ  MEM BLOCK Access, AP 0x00000000, Start Addr 0x08000530, End Addr 0x0800056B, "DAP Read Memory Block - Success" - ID 135
  Item #0, AP 0, Addr 0x08000530, Value 0x98021006
  Item #1, AP 0, Addr 0x08000534, Value 0x07C040C8
  Item #2, AP 0, Addr 0x08000538, Value 0xE7FFB198
  Item #3, AP 0, Addr 0x0800053C, Value 0x0006F8BD
  Item #4, AP 0, Addr 0x08000540, Value 0x20030041
  Item #5, AP 0, Addr 0x08000544, Value 0xF101FA00
  Item #6, AP 0, Addr 0x08000548, Value 0x43889800
  Item #7, AP 0, Addr 0x0800054C, Value 0x98039000
  Item #8, AP 0, Addr 0x08000550, Value 0x1006F8BD
  Item #9, AP 0, Addr 0x08000554, Value 0xFA000049
  Item #10, AP 0, Addr 0x08000558, Value 0x9800F101
  Item #11, AP 0, Addr 0x0800055C, Value 0x90004308
  Item #12, AP 0, Addr 0x08000560, Value 0xE7FFE7FF
  Item #13, AP 0, Addr 0x08000564, Value 0x0006F8BD
  Item #14, AP 0, Addr 0x08000568, Value 0xF8AD3001
07:49:32:446 (13/05/2023) - READ  MEM BLOCK Access, AP 0x00000000, Start Addr 0x0800056C, End Addr 0x080005A7, "DAP Read Memory Block - Success" - ID 136
  Item #0, AP 0, Addr 0x0800056C, Value 0xE7D90006
  Item #1, AP 0, Addr 0x08000570, Value 0x99059800
  Item #2, AP 0, Addr 0x08000574, Value 0xB0066088
  Item #3, AP 0, Addr 0x08000578, Value 0x00004770
  Item #4, AP 0, Addr 0x0800057C, Value 0xB08CB580
  Item #5, AP 0, Addr 0x08000580, Value 0x90052000
  Item #6, AP 0, Addr 0x08000584, Value 0xF000900B
  Item #7, AP 0, Addr 0x08000588, Value 0xF640F907
  Item #8, AP 0, Addr 0x0800058C, Value 0xF0004003
  Item #9, AP 0, Addr 0x08000590, Value 0x9A05F83D
  Item #10, AP 0, Addr 0x08000594, Value 0x4000F640
  Item #11, AP 0, Addr 0x08000598, Value 0x0002F2C4
  Item #12, AP 0, Addr 0x0800059C, Value 0x21019006
  Item #13, AP 0, Addr 0x080005A0, Value 0x23809104
  Item #14, AP 0, Addr 0x080005A4, Value 0xF7FF9307
07:49:32:538 (13/05/2023) - READ  MEM Access, AP 0x00000000, Addr 0xE000EDF0, Val 0x00030003, "DAP Read Memory (32 bit) - Success" - ID 137
07:49:32:805 (13/05/2023) - READ  MEM Access, AP 0x00000000, Addr 0xE000EDF0, Val 0x00030003, "DAP Read Memory (32 bit) - Success" - ID 138
07:49:33:069 (13/05/2023) - READ  MEM Access, AP 0x00000000, Addr 0xE000EDF0, Val 0x00030003, "DAP Read Memory (32 bit) - Success" - ID 139
07:49:33:333 (13/05/2023) - READ  MEM Access, AP 0x00000000, Addr 0xE000EDF0, Val 0x00030003, "DAP Read Memory (32 bit) - Success" - ID 140
07:49:33:602 (13/05/2023) - READ  MEM Access, AP 0x00000000, Addr 0xE000EDF0, Val 0x00030003, "DAP Read Memory (32 bit) - Success" - ID 141
07:49:33:866 (13/05/2023) - READ  MEM Access, AP 0x00000000, Addr 0xE000EDF0, Val 0x00030003, "DAP Read Memory (32 bit) - Success" - ID 142
07:49:34:131 (13/05/2023) - READ  MEM Access, AP 0x00000000, Addr 0xE000EDF0, Val 0x00030003, "DAP Read Memory (32 bit) - Success" - ID 143
07:49:34:398 (13/05/2023) - READ  MEM Access, AP 0x00000000, Addr 0xE000EDF0, Val 0x00030003, "DAP Read Memory (32 bit) - Success" - ID 144
07:49:34:665 (13/05/2023) - READ  MEM Access, AP 0x00000000, Addr 0xE000EDF0, Val 0x00030003, "DAP Read Memory (32 bit) - Success" - ID 145
07:49:34:918 (13/05/2023) - READ  MEM Access, AP 0x00000000, Addr 0xE000EDF0, Val 0x00030003, "DAP Read Memory (32 bit) - Success" - ID 146
07:49:35:170 (13/05/2023) - READ  MEM Access, AP 0x00000000, Addr 0xE000EDF0, Val 0x00030003, "DAP Read Memory (32 bit) - Success" - ID 147
07:49:35:434 (13/05/2023) - READ  MEM Access, AP 0x00000000, Addr 0xE000EDF0, Val 0x00030003, "DAP Read Memory (32 bit) - Success" - ID 148
07:49:35:698 (13/05/2023) - READ  MEM Access, AP 0x00000000, Addr 0xE000EDF0, Val 0x00030003, "DAP Read Memory (32 bit) - Success" - ID 149
07:49:35:963 (13/05/2023) - READ  MEM Access, AP 0x00000000, Addr 0xE000EDF0, Val 0x00030003, "DAP Read Memory (32 bit) - Success" - ID 150
07:49:36:226 (13/05/2023) - READ  MEM Access, AP 0x00000000, Addr 0xE000EDF0, Val 0x00030003, "DAP Read Memory (32 bit) - Success" - ID 151
07:49:36:490 (13/05/2023) - READ  MEM Access, AP 0x00000000, Addr 0xE000EDF0, Val 0x00030003, "DAP Read Memory (32 bit) - Success" - ID 152
07:49:36:755 (13/05/2023) - READ  MEM Access, AP 0x00000000, Addr 0xE000EDF0, Val 0x00030003, "DAP Read Memory (32 bit) - Success" - ID 153
07:49:37:020 (13/05/2023) - READ  MEM Access, AP 0x00000000, Addr 0xE000EDF0, Val 0x00030003, "DAP Read Memory (32 bit) - Success" - ID 154
07:49:37:285 (13/05/2023) - READ  MEM Access, AP 0x00000000, Addr 0xE000EDF0, Val 0x00030003, "DAP Read Memory (32 bit) - Success" - ID 155
07:49:37:344 (13/05/2023) - READ  MEM BLOCK Access, AP 0x00000000, Start Addr 0x0800057C, End Addr 0x0800057D, "DAP Read Memory Block - Success" - ID 156
  Item #0, AP 0, Addr 0x0800057C, Value 0xB580
07:49:37:352 (13/05/2023) - WRITE MEM BLOCK Access, AP 0x00000000, Start Addr 0xE0002000, End Addr 0xE000201F, "DAP Write Memory Block - Success" - ID 157
  Item #0, AP 0, Addr 0xE0002000, Value 0x00000003
  Item #1, AP 0, Addr 0xE0002004, Value 0x00000000
  Item #2, AP 0, Addr 0xE0002008, Value 0x88000605
  Item #3, AP 0, Addr 0xE000200C, Value 0x00000000
  Item #4, AP 0, Addr 0xE0002010, Value 0x00000000
  Item #5, AP 0, Addr 0xE0002014, Value 0x00000000
  Item #6, AP 0, Addr 0xE0002018, Value 0x00000000
  Item #7, AP 0, Addr 0xE000201C, Value 0x00000000
07:49:37:359 (13/05/2023) - WRITE MEM BLOCK Access, AP 0x00000000, Start Addr 0xE0001020, End Addr 0xE000105F, "DAP Write Memory Block - Success" - ID 158
  Item #0, AP 0, Addr 0xE0001020, Value 0x00000000
  Item #1, AP 0, Addr 0xE0001024, Value 0x00000000
  Item #2, AP 0, Addr 0xE0001028, Value 0x00000000
  Item #3, AP 0, Addr 0xE000102C, Value 0x00000000
  Item #4, AP 0, Addr 0xE0001030, Value 0x00000000
  Item #5, AP 0, Addr 0xE0001034, Value 0x00000000
  Item #6, AP 0, Addr 0xE0001038, Value 0x00000200
  Item #7, AP 0, Addr 0xE000103C, Value 0x00000000
  Item #8, AP 0, Addr 0xE0001040, Value 0x00000000
  Item #9, AP 0, Addr 0xE0001044, Value 0x00000000
  Item #10, AP 0, Addr 0xE0001048, Value 0x00000000
  Item #11, AP 0, Addr 0xE000104C, Value 0x00000000
  Item #12, AP 0, Addr 0xE0001050, Value 0x00000000
  Item #13, AP 0, Addr 0xE0001054, Value 0x00000000
  Item #14, AP 0, Addr 0xE0001058, Value 0x00000000
  Item #15, AP 0, Addr 0xE000105C, Value 0x00000000
07:49:37:366 (13/05/2023) - WRITE MEM BLOCK Access, AP 0x00000000, Start Addr 0xE0001020, End Addr 0xE000105F, "DAP Write Memory Block - Success" - ID 159
  Item #0, AP 0, Addr 0xE0001020, Value 0x00000000
  Item #1, AP 0, Addr 0xE0001024, Value 0x00000000
  Item #2, AP 0, Addr 0xE0001028, Value 0x00000000
  Item #3, AP 0, Addr 0xE000102C, Value 0x00000000
  Item #4, AP 0, Addr 0xE0001030, Value 0x00000000
  Item #5, AP 0, Addr 0xE0001034, Value 0x00000000
  Item #6, AP 0, Addr 0xE0001038, Value 0x00000200
  Item #7, AP 0, Addr 0xE000103C, Value 0x00000000
  Item #8, AP 0, Addr 0xE0001040, Value 0x00000000
  Item #9, AP 0, Addr 0xE0001044, Value 0x00000000
  Item #10, AP 0, Addr 0xE0001048, Value 0x00000000
  Item #11, AP 0, Addr 0xE000104C, Value 0x00000000
  Item #12, AP 0, Addr 0xE0001050, Value 0x00000000
  Item #13, AP 0, Addr 0xE0001054, Value 0x00000000
  Item #14, AP 0, Addr 0xE0001058, Value 0x00000000
  Item #15, AP 0, Addr 0xE000105C, Value 0x00000000
07:49:37:368 (13/05/2023) - WRITE MEM Access, AP 0x00000000, Addr 0xE000ED30, Val 0x0000001F, "DAP Write Memory (32 bit) - Success" - ID 160
07:49:37:370 (13/05/2023) - WRITE MEM Access, AP 0x00000000, Addr 0xE000EDF0, Val 0xA05F0001, "DAP Write Memory (32 bit) - Success" - ID 161
07:49:37:372 (13/05/2023) - READ  MEM Access, AP 0x00000000, Addr 0xE000EDF0, Val 0x01010001, "DAP Read Memory (32 bit) - Success" - ID 162
07:49:37:374 (13/05/2023) - READ  MEM Access, AP 0x00000000, Addr 0xE000EDF0, Val 0x01010001, "DAP Read Memory (32 bit) - Success" - ID 163
07:49:37:440 (13/05/2023) - READ  MEM Access, AP 0x00000000, Addr 0xE000EDF0, Val 0x01010001, "DAP Read Memory (32 bit) - Success" - ID 164
07:49:37:502 (13/05/2023) - READ  MEM Access, AP 0x00000000, Addr 0xE000EDF0, Val 0x01010001, "DAP Read Memory (32 bit) - Success" - ID 165
07:49:37:564 (13/05/2023) - READ  MEM Access, AP 0x00000000, Addr 0xE000EDF0, Val 0x01010001, "DAP Read Memory (32 bit) - Success" - ID 166
07:49:37:626 (13/05/2023) - READ  MEM Access, AP 0x00000000, Addr 0xE000EDF0, Val 0x01010001, "DAP Read Memory (32 bit) - Success" - ID 167
07:49:37:688 (13/05/2023) - READ  MEM Access, AP 0x00000000, Addr 0xE000EDF0, Val 0x01010001, "DAP Read Memory (32 bit) - Success" - ID 168
07:49:37:750 (13/05/2023) - READ  MEM Access, AP 0x00000000, Addr 0xE000EDF0, Val 0x01010001, "DAP Read Memory (32 bit) - Success" - ID 169
07:49:37:812 (13/05/2023) - READ  MEM Access, AP 0x00000000, Addr 0xE000EDF0, Val 0x01010001, "DAP Read Memory (32 bit) - Success" - ID 170
07:49:37:874 (13/05/2023) - READ  MEM Access, AP 0x00000000, Addr 0xE000EDF0, Val 0x01010001, "DAP Read Memory (32 bit) - Success" - ID 171
07:49:37:937 (13/05/2023) - READ  MEM Access, AP 0x00000000, Addr 0xE000EDF0, Val 0x01010001, "DAP Read Memory (32 bit) - Success" - ID 172
07:49:37:938 (13/05/2023) - READ  MEM Access, AP 0x00000000, Addr 0xE0001004, Val 0x0829B773, "DAP Read Memory (32 bit) - Success" - ID 173
07:49:37:999 (13/05/2023) - READ  MEM Access, AP 0x00000000, Addr 0xE000EDF0, Val 0x01010001, "DAP Read Memory (32 bit) - Success" - ID 174
07:49:38:062 (13/05/2023) - READ  MEM Access, AP 0x00000000, Addr 0xE000EDF0, Val 0x01010001, "DAP Read Memory (32 bit) - Success" - ID 175
07:49:38:125 (13/05/2023) - READ  MEM Access, AP 0x00000000, Addr 0xE000EDF0, Val 0x01010001, "DAP Read Memory (32 bit) - Success" - ID 176
07:49:38:188 (13/05/2023) - READ  MEM Access, AP 0x00000000, Addr 0xE000EDF0, Val 0x01010001, "DAP Read Memory (32 bit) - Success" - ID 177
07:49:38:249 (13/05/2023) - READ  MEM Access, AP 0x00000000, Addr 0xE000EDF0, Val 0x01010001, "DAP Read Memory (32 bit) - Success" - ID 178
07:49:38:311 (13/05/2023) - READ  MEM Access, AP 0x00000000, Addr 0xE000EDF0, Val 0x01010001, "DAP Read Memory (32 bit) - Success" - ID 179
07:49:38:374 (13/05/2023) - READ  MEM Access, AP 0x00000000, Addr 0xE000EDF0, Val 0x01010001, "DAP Read Memory (32 bit) - Success" - ID 180
07:49:38:434 (13/05/2023) - READ  MEM Access, AP 0x00000000, Addr 0xE000EDF0, Val 0x01010001, "DAP Read Memory (32 bit) - Success" - ID 181
07:49:38:497 (13/05/2023) - READ  MEM Access, AP 0x00000000, Addr 0xE000EDF0, Val 0x01010001, "DAP Read Memory (32 bit) - Success" - ID 182
07:49:38:499 (13/05/2023) - READ  MEM Access, AP 0x00000000, Addr 0xE0001004, Val 0x1039B12F, "DAP Read Memory (32 bit) - Success" - ID 183
07:49:38:560 (13/05/2023) - READ  MEM Access, AP 0x00000000, Addr 0xE000EDF0, Val 0x01010001, "DAP Read Memory (32 bit) - Success" - ID 184
07:49:38:622 (13/05/2023) - READ  MEM Access, AP 0x00000000, Addr 0xE000EDF0, Val 0x01010001, "DAP Read Memory (32 bit) - Success" - ID 185
07:49:38:685 (13/05/2023) - READ  MEM Access, AP 0x00000000, Addr 0xE000EDF0, Val 0x01010001, "DAP Read Memory (32 bit) - Success" - ID 186
07:49:38:747 (13/05/2023) - READ  MEM Access, AP 0x00000000, Addr 0xE000EDF0, Val 0x01010001, "DAP Read Memory (32 bit) - Success" - ID 187
07:49:38:809 (13/05/2023) - READ  MEM Access, AP 0x00000000, Addr 0xE000EDF0, Val 0x01010001, "DAP Read Memory (32 bit) - Success" - ID 188
07:49:38:873 (13/05/2023) - READ  MEM Access, AP 0x00000000, Addr 0xE000EDF0, Val 0x01010001, "DAP Read Memory (32 bit) - Success" - ID 189
07:49:38:933 (13/05/2023) - READ  MEM Access, AP 0x00000000, Addr 0xE000EDF0, Val 0x01010001, "DAP Read Memory (32 bit) - Success" - ID 190
07:49:38:996 (13/05/2023) - READ  MEM Access, AP 0x00000000, Addr 0xE000EDF0, Val 0x01010001, "DAP Read Memory (32 bit) - Success" - ID 191
07:49:39:059 (13/05/2023) - READ  MEM Access, AP 0x00000000, Addr 0xE000EDF0, Val 0x01010001, "DAP Read Memory (32 bit) - Success" - ID 192
07:49:39:061 (13/05/2023) - READ  MEM Access, AP 0x00000000, Addr 0xE0001004, Val 0x184D5482, "DAP Read Memory (32 bit) - Success" - ID 193
07:49:39:122 (13/05/2023) - READ  MEM Access, AP 0x00000000, Addr 0xE000EDF0, Val 0x01010001, "DAP Read Memory (32 bit) - Success" - ID 194
07:49:39:185 (13/05/2023) - READ  MEM Access, AP 0x00000000, Addr 0xE000EDF0, Val 0x01010001, "DAP Read Memory (32 bit) - Success" - ID 195
07:49:39:248 (13/05/2023) - READ  MEM Access, AP 0x00000000, Addr 0xE000EDF0, Val 0x01010001, "DAP Read Memory (32 bit) - Success" - ID 196
07:49:39:311 (13/05/2023) - READ  MEM Access, AP 0x00000000, Addr 0xE000EDF0, Val 0x01010001, "DAP Read Memory (32 bit) - Success" - ID 197
07:49:39:374 (13/05/2023) - READ  MEM Access, AP 0x00000000, Addr 0xE000EDF0, Val 0x01010001, "DAP Read Memory (32 bit) - Success" - ID 198
07:49:39:437 (13/05/2023) - READ  MEM Access, AP 0x00000000, Addr 0xE000EDF0, Val 0x01010001, "DAP Read Memory (32 bit) - Success" - ID 199
07:49:39:499 (13/05/2023) - READ  MEM Access, AP 0x00000000, Addr 0xE000EDF0, Val 0x01010001, "DAP Read Memory (32 bit) - Success" - ID 200
07:49:39:560 (13/05/2023) - READ  MEM Access, AP 0x00000000, Addr 0xE000EDF0, Val 0x01010001, "DAP Read Memory (32 bit) - Success" - ID 201
07:49:39:624 (13/05/2023) - READ  MEM Access, AP 0x00000000, Addr 0xE000EDF0, Val 0x01010001, "DAP Read Memory (32 bit) - Success" - ID 202
07:49:39:626 (13/05/2023) - READ  MEM Access, AP 0x00000000, Addr 0xE0001004, Val 0x206C2447, "DAP Read Memory (32 bit) - Success" - ID 203
07:49:39:686 (13/05/2023) - READ  MEM Access, AP 0x00000000, Addr 0xE000EDF0, Val 0x01010001, "DAP Read Memory (32 bit) - Success" - ID 204
07:49:39:749 (13/05/2023) - READ  MEM Access, AP 0x00000000, Addr 0xE000EDF0, Val 0x01010001, "DAP Read Memory (32 bit) - Success" - ID 205
07:49:39:812 (13/05/2023) - READ  MEM Access, AP 0x00000000, Addr 0xE000EDF0, Val 0x01010001, "DAP Read Memory (32 bit) - Success" - ID 206
07:49:39:875 (13/05/2023) - READ  MEM Access, AP 0x00000000, Addr 0xE000EDF0, Val 0x01010001, "DAP Read Memory (32 bit) - Success" - ID 207
07:49:39:936 (13/05/2023) - READ  MEM Access, AP 0x00000000, Addr 0xE000EDF0, Val 0x01010001, "DAP Read Memory (32 bit) - Success" - ID 208
07:49:39:998 (13/05/2023) - READ  MEM Access, AP 0x00000000, Addr 0xE000EDF0, Val 0x01010001, "DAP Read Memory (32 bit) - Success" - ID 209
07:49:40:060 (13/05/2023) - READ  MEM Access, AP 0x00000000, Addr 0xE000EDF0, Val 0x01010001, "DAP Read Memory (32 bit) - Success" - ID 210
07:49:40:124 (13/05/2023) - READ  MEM Access, AP 0x00000000, Addr 0xE000EDF0, Val 0x01010001, "DAP Read Memory (32 bit) - Success" - ID 211
07:49:40:187 (13/05/2023) - READ  MEM Access, AP 0x00000000, Addr 0xE000EDF0, Val 0x01010001, "DAP Read Memory (32 bit) - Success" - ID 212
07:49:40:189 (13/05/2023) - READ  MEM Access, AP 0x00000000, Addr 0xE0001004, Val 0x288397A0, "DAP Read Memory (32 bit) - Success" - ID 213
07:49:40:250 (13/05/2023) - READ  MEM Access, AP 0x00000000, Addr 0xE000EDF0, Val 0x01010001, "DAP Read Memory (32 bit) - Success" - ID 214
07:49:40:312 (13/05/2023) - READ  MEM Access, AP 0x00000000, Addr 0xE000EDF0, Val 0x01010001, "DAP Read Memory (32 bit) - Success" - ID 215
07:49:40:375 (13/05/2023) - READ  MEM Access, AP 0x00000000, Addr 0xE000EDF0, Val 0x01010001, "DAP Read Memory (32 bit) - Success" - ID 216
07:49:40:437 (13/05/2023) - READ  MEM Access, AP 0x00000000, Addr 0xE000EDF0, Val 0x01010001, "DAP Read Memory (32 bit) - Success" - ID 217
07:49:40:500 (13/05/2023) - READ  MEM Access, AP 0x00000000, Addr 0xE000EDF0, Val 0x01010001, "DAP Read Memory (32 bit) - Success" - ID 218
07:49:40:563 (13/05/2023) - READ  MEM Access, AP 0x00000000, Addr 0xE000EDF0, Val 0x01010001, "DAP Read Memory (32 bit) - Success" - ID 219
07:49:40:628 (13/05/2023) - READ  MEM Access, AP 0x00000000, Addr 0xE000EDF0, Val 0x01010001, "DAP Read Memory (32 bit) - Success" - ID 220
07:49:40:690 (13/05/2023) - READ  MEM Access, AP 0x00000000, Addr 0xE000EDF0, Val 0x01010001, "DAP Read Memory (32 bit) - Success" - ID 221
07:49:40:753 (13/05/2023) - READ  MEM Access, AP 0x00000000, Addr 0xE000EDF0, Val 0x01010001, "DAP Read Memory (32 bit) - Success" - ID 222
07:49:40:755 (13/05/2023) - READ  MEM Access, AP 0x00000000, Addr 0xE0001004, Val 0x30A5F323, "DAP Read Memory (32 bit) - Success" - ID 223
07:49:40:818 (13/05/2023) - READ  MEM Access, AP 0x00000000, Addr 0xE000EDF0, Val 0x01010001, "DAP Read Memory (32 bit) - Success" - ID 224
07:49:40:881 (13/05/2023) - READ  MEM Access, AP 0x00000000, Addr 0xE000EDF0, Val 0x01010001, "DAP Read Memory (32 bit) - Success" - ID 225
07:49:40:942 (13/05/2023) - READ  MEM Access, AP 0x00000000, Addr 0xE000EDF0, Val 0x01010001, "DAP Read Memory (32 bit) - Success" - ID 226
07:49:41:003 (13/05/2023) - READ  MEM Access, AP 0x00000000, Addr 0xE000EDF0, Val 0x01010001, "DAP Read Memory (32 bit) - Success" - ID 227
07:49:41:067 (13/05/2023) - READ  MEM Access, AP 0x00000000, Addr 0xE000EDF0, Val 0x01010001, "DAP Read Memory (32 bit) - Success" - ID 228
07:49:41:128 (13/05/2023) - READ  MEM Access, AP 0x00000000, Addr 0xE000EDF0, Val 0x01010001, "DAP Read Memory (32 bit) - Success" - ID 229
07:49:41:189 (13/05/2023) - READ  MEM Access, AP 0x00000000, Addr 0xE000EDF0, Val 0x01010001, "DAP Read Memory (32 bit) - Success" - ID 230
07:49:41:254 (13/05/2023) - READ  MEM Access, AP 0x00000000, Addr 0xE000EDF0, Val 0x01010001, "DAP Read Memory (32 bit) - Success" - ID 231
07:49:41:317 (13/05/2023) - READ  MEM Access, AP 0x00000000, Addr 0xE000EDF0, Val 0x01010001, "DAP Read Memory (32 bit) - Success" - ID 232
07:49:41:319 (13/05/2023) - READ  MEM Access, AP 0x00000000, Addr 0xE0001004, Val 0x38C0F361, "DAP Read Memory (32 bit) - Success" - ID 233
07:49:41:377 (13/05/2023) - READ  MEM Access, AP 0x00000000, Addr 0xE000EDF0, Val 0x01010001, "DAP Read Memory (32 bit) - Success" - ID 234
07:49:41:441 (13/05/2023) - READ  MEM Access, AP 0x00000000, Addr 0xE000EDF0, Val 0x01010001, "DAP Read Memory (32 bit) - Success" - ID 235
07:49:41:503 (13/05/2023) - READ  MEM Access, AP 0x00000000, Addr 0xE000EDF0, Val 0x01010001, "DAP Read Memory (32 bit) - Success" - ID 236
07:49:41:566 (13/05/2023) - READ  MEM Access, AP 0x00000000, Addr 0xE000EDF0, Val 0x01010001, "DAP Read Memory (32 bit) - Success" - ID 237
07:49:41:626 (13/05/2023) - READ  MEM Access, AP 0x00000000, Addr 0xE000EDF0, Val 0x01010001, "DAP Read Memory (32 bit) - Success" - ID 238
07:49:41:689 (13/05/2023) - READ  MEM Access, AP 0x00000000, Addr 0xE000EDF0, Val 0x01010001, "DAP Read Memory (32 bit) - Success" - ID 239
07:49:41:753 (13/05/2023) - READ  MEM Access, AP 0x00000000, Addr 0xE000EDF0, Val 0x01010001, "DAP Read Memory (32 bit) - Success" - ID 240
07:49:41:816 (13/05/2023) - READ  MEM Access, AP 0x00000000, Addr 0xE000EDF0, Val 0x01010001, "DAP Read Memory (32 bit) - Success" - ID 241
07:49:41:878 (13/05/2023) - READ  MEM Access, AP 0x00000000, Addr 0xE000EDF0, Val 0x01010001, "DAP Read Memory (32 bit) - Success" - ID 242
07:49:41:879 (13/05/2023) - READ  MEM Access, AP 0x00000000, Addr 0xE0001004, Val 0x40D1079B, "DAP Read Memory (32 bit) - Success" - ID 243
07:49:41:940 (13/05/2023) - READ  MEM Access, AP 0x00000000, Addr 0xE000EDF0, Val 0x01010001, "DAP Read Memory (32 bit) - Success" - ID 244
07:49:42:005 (13/05/2023) - READ  MEM Access, AP 0x00000000, Addr 0xE000EDF0, Val 0x01010001, "DAP Read Memory (32 bit) - Success" - ID 245
07:49:42:066 (13/05/2023) - READ  MEM Access, AP 0x00000000, Addr 0xE000EDF0, Val 0x01010001, "DAP Read Memory (32 bit) - Success" - ID 246
07:49:42:128 (13/05/2023) - READ  MEM Access, AP 0x00000000, Addr 0xE000EDF0, Val 0x01010001, "DAP Read Memory (32 bit) - Success" - ID 247
07:49:42:189 (13/05/2023) - READ  MEM Access, AP 0x00000000, Addr 0xE000EDF0, Val 0x01010001, "DAP Read Memory (32 bit) - Success" - ID 248
07:49:42:253 (13/05/2023) - READ  MEM Access, AP 0x00000000, Addr 0xE000EDF0, Val 0x01010001, "DAP Read Memory (32 bit) - Success" - ID 249
07:49:42:316 (13/05/2023) - READ  MEM Access, AP 0x00000000, Addr 0xE000EDF0, Val 0x01010001, "DAP Read Memory (32 bit) - Success" - ID 250
07:49:42:380 (13/05/2023) - READ  MEM Access, AP 0x00000000, Addr 0xE000EDF0, Val 0x01010001, "DAP Read Memory (32 bit) - Success" - ID 251
07:49:42:442 (13/05/2023) - READ  MEM Access, AP 0x00000000, Addr 0xE000EDF0, Val 0x01010001, "DAP Read Memory (32 bit) - Success" - ID 252
07:49:42:444 (13/05/2023) - READ  MEM Access, AP 0x00000000, Addr 0xE0001004, Val 0x48EC073B, "DAP Read Memory (32 bit) - Success" - ID 253
07:49:42:506 (13/05/2023) - READ  MEM Access, AP 0x00000000, Addr 0xE000EDF0, Val 0x01010001, "DAP Read Memory (32 bit) - Success" - ID 254
07:49:42:568 (13/05/2023) - READ  MEM Access, AP 0x00000000, Addr 0xE000EDF0, Val 0x01010001, "DAP Read Memory (32 bit) - Success" - ID 255
07:49:42:630 (13/05/2023) - READ  MEM Access, AP 0x00000000, Addr 0xE000EDF0, Val 0x01010001, "DAP Read Memory (32 bit) - Success" - ID 256
07:49:42:694 (13/05/2023) - READ  MEM Access, AP 0x00000000, Addr 0xE000EDF0, Val 0x01010001, "DAP Read Memory (32 bit) - Success" - ID 257
07:49:42:758 (13/05/2023) - READ  MEM Access, AP 0x00000000, Addr 0xE000EDF0, Val 0x01010001, "DAP Read Memory (32 bit) - Success" - ID 258
07:49:42:820 (13/05/2023) - READ  MEM Access, AP 0x00000000, Addr 0xE000EDF0, Val 0x01010001, "DAP Read Memory (32 bit) - Success" - ID 259
07:49:42:882 (13/05/2023) - READ  MEM Access, AP 0x00000000, Addr 0xE000EDF0, Val 0x01010001, "DAP Read Memory (32 bit) - Success" - ID 260
07:49:42:946 (13/05/2023) - READ  MEM Access, AP 0x00000000, Addr 0xE000EDF0, Val 0x01010001, "DAP Read Memory (32 bit) - Success" - ID 261
07:49:42:948 (13/05/2023) - READ  MEM Access, AP 0x00000000, Addr 0xE0001004, Val 0x502A2B94, "DAP Read Memory (32 bit) - Success" - ID 262
07:49:43:010 (13/05/2023) - READ  MEM Access, AP 0x00000000, Addr 0xE000EDF0, Val 0x01010001, "DAP Read Memory (32 bit) - Success" - ID 263
07:49:43:072 (13/05/2023) - READ  MEM Access, AP 0x00000000, Addr 0xE000EDF0, Val 0x01010001, "DAP Read Memory (32 bit) - Success" - ID 264
07:49:43:134 (13/05/2023) - READ  MEM Access, AP 0x00000000, Addr 0xE000EDF0, Val 0x01010001, "DAP Read Memory (32 bit) - Success" - ID 265
07:49:43:196 (13/05/2023) - READ  MEM Access, AP 0x00000000, Addr 0xE000EDF0, Val 0x01010001, "DAP Read Memory (32 bit) - Success" - ID 266
07:49:43:260 (13/05/2023) - READ  MEM Access, AP 0x00000000, Addr 0xE000EDF0, Val 0x01010001, "DAP Read Memory (32 bit) - Success" - ID 267
07:49:43:323 (13/05/2023) - READ  MEM Access, AP 0x00000000, Addr 0xE000EDF0, Val 0x01010001, "DAP Read Memory (32 bit) - Success" - ID 268
07:49:43:387 (13/05/2023) - READ  MEM Access, AP 0x00000000, Addr 0xE000EDF0, Val 0x01010001, "DAP Read Memory (32 bit) - Success" - ID 269
07:49:43:450 (13/05/2023) - READ  MEM Access, AP 0x00000000, Addr 0xE000EDF0, Val 0x01010001, "DAP Read Memory (32 bit) - Success" - ID 270
07:49:43:511 (13/05/2023) - READ  MEM Access, AP 0x00000000, Addr 0xE000EDF0, Val 0x01010001, "DAP Read Memory (32 bit) - Success" - ID 271
07:49:43:514 (13/05/2023) - READ  MEM Access, AP 0x00000000, Addr 0xE0001004, Val 0x584C6082, "DAP Read Memory (32 bit) - Success" - ID 272
07:49:43:534 (13/05/2023) - READ  MEM Access, AP 0x00000000, Addr 0xE000EDF0, Val 0x01010001, "DAP Read Memory (32 bit) - Success" - ID 273
07:49:43:559 (13/05/2023) - WRITE MEM Access, AP 0x00000000, Addr 0xE000EDF0, Val 0xA05F0003, "DAP Write Memory (32 bit) - Success" - ID 274
07:49:43:561 (13/05/2023) - READ  MEM Access, AP 0x00000000, Addr 0xE000EDF0, Val 0x01030003, "DAP Read Memory (32 bit) - Success" - ID 275
07:49:43:563 (13/05/2023) - READ  MEM Access, AP 0x00000000, Addr 0xE000EDF0, Val 0x00030003, "DAP Read Memory (32 bit) - Success" - ID 276
07:49:43:579 (13/05/2023) - WRITE MEM BLOCK Access, AP 0x00000000, Start Addr 0xE0002000, End Addr 0xE000201F, "DAP Write Memory Block - Success" - ID 277
  Item #0, AP 0, Addr 0xE0002000, Value 0x00000002
  Item #1, AP 0, Addr 0xE0002004, Value 0x00000000
  Item #2, AP 0, Addr 0xE0002008, Value 0x00000000
  Item #3, AP 0, Addr 0xE000200C, Value 0x00000000
  Item #4, AP 0, Addr 0xE0002010, Value 0x00000000
  Item #5, AP 0, Addr 0xE0002014, Value 0x00000000
  Item #6, AP 0, Addr 0xE0002018, Value 0x00000000
  Item #7, AP 0, Addr 0xE000201C, Value 0x00000000
07:49:43:586 (13/05/2023) - WRITE MEM BLOCK Access, AP 0x00000000, Start Addr 0xE0001020, End Addr 0xE000105F, "DAP Write Memory Block - Success" - ID 278
  Item #0, AP 0, Addr 0xE0001020, Value 0x00000000
  Item #1, AP 0, Addr 0xE0001024, Value 0x00000000
  Item #2, AP 0, Addr 0xE0001028, Value 0x00000000
  Item #3, AP 0, Addr 0xE000102C, Value 0x00000000
  Item #4, AP 0, Addr 0xE0001030, Value 0x00000000
  Item #5, AP 0, Addr 0xE0001034, Value 0x00000000
  Item #6, AP 0, Addr 0xE0001038, Value 0x00000200
  Item #7, AP 0, Addr 0xE000103C, Value 0x00000000
  Item #8, AP 0, Addr 0xE0001040, Value 0x00000000
  Item #9, AP 0, Addr 0xE0001044, Value 0x00000000
  Item #10, AP 0, Addr 0xE0001048, Value 0x00000000
  Item #11, AP 0, Addr 0xE000104C, Value 0x00000000
  Item #12, AP 0, Addr 0xE0001050, Value 0x00000000
  Item #13, AP 0, Addr 0xE0001054, Value 0x00000000
  Item #14, AP 0, Addr 0xE0001058, Value 0x00000000
  Item #15, AP 0, Addr 0xE000105C, Value 0x00000000
07:49:43:592 (13/05/2023) - WRITE MEM BLOCK Access, AP 0x00000000, Start Addr 0xE0001020, End Addr 0xE000105F, "DAP Write Memory Block - Success" - ID 279
  Item #0, AP 0, Addr 0xE0001020, Value 0x00000000
  Item #1, AP 0, Addr 0xE0001024, Value 0x00000000
  Item #2, AP 0, Addr 0xE0001028, Value 0x00000000
  Item #3, AP 0, Addr 0xE000102C, Value 0x00000000
  Item #4, AP 0, Addr 0xE0001030, Value 0x00000000
  Item #5, AP 0, Addr 0xE0001034, Value 0x00000000
  Item #6, AP 0, Addr 0xE0001038, Value 0x00000200
  Item #7, AP 0, Addr 0xE000103C, Value 0x00000000
  Item #8, AP 0, Addr 0xE0001040, Value 0x00000000
  Item #9, AP 0, Addr 0xE0001044, Value 0x00000000
  Item #10, AP 0, Addr 0xE0001048, Value 0x00000000
  Item #11, AP 0, Addr 0xE000104C, Value 0x00000000
  Item #12, AP 0, Addr 0xE0001050, Value 0x00000000
  Item #13, AP 0, Addr 0xE0001054, Value 0x00000000
  Item #14, AP 0, Addr 0xE0001058, Value 0x00000000
  Item #15, AP 0, Addr 0xE000105C, Value 0x00000000
07:49:43:594 (13/05/2023) - READ  MEM Access, AP 0x00000000, Addr 0xE000ED30, Val 0x00000001, "DAP Read Memory (32 bit) - Success" - ID 280
07:49:43:597 (13/05/2023) - READ  MEM Access, AP 0x00000000, Addr 0xE0001028, Val 0x00000000, "DAP Read Memory (32 bit) - Success" - ID 281
07:49:43:598 (13/05/2023) - READ  MEM Access, AP 0x00000000, Addr 0xE0001038, Val 0x00000200, "DAP Read Memory (32 bit) - Success" - ID 282
07:49:43:600 (13/05/2023) - READ  MEM Access, AP 0x00000000, Addr 0xE0001048, Val 0x00000000, "DAP Read Memory (32 bit) - Success" - ID 283
07:49:43:602 (13/05/2023) - READ  MEM Access, AP 0x00000000, Addr 0xE0001058, Val 0x00000000, "DAP Read Memory (32 bit) - Success" - ID 284
07:49:43:825 (13/05/2023) - READ  MEM Access, AP 0x00000000, Addr 0xE000EDF0, Val 0x00030003, "DAP Read Memory (32 bit) - Success" - ID 285
07:49:44:091 (13/05/2023) - READ  MEM Access, AP 0x00000000, Addr 0xE000EDF0, Val 0x00030003, "DAP Read Memory (32 bit) - Success" - ID 286
07:49:44:209 (13/05/2023) - WRITE MEM BLOCK Access, AP 0x00000000, Start Addr 0xE0002000, End Addr 0xE000201F, "DAP Write Memory Block - Success" - ID 287
  Item #0, AP 0, Addr 0xE0002000, Value 0x00000002
  Item #1, AP 0, Addr 0xE0002004, Value 0x00000000
  Item #2, AP 0, Addr 0xE0002008, Value 0x00000000
  Item #3, AP 0, Addr 0xE000200C, Value 0x00000000
  Item #4, AP 0, Addr 0xE0002010, Value 0x00000000
  Item #5, AP 0, Addr 0xE0002014, Value 0x00000000
  Item #6, AP 0, Addr 0xE0002018, Value 0x00000000
  Item #7, AP 0, Addr 0xE000201C, Value 0x00000000
07:49:44:211 (13/05/2023) - WRITE MEM Access, AP 0x00000000, Addr 0xE000EDF0, Val 0xA05F0000, "DAP Write Memory (32 bit) - Success" - ID 288
07:49:44:213 (13/05/2023) - WRITE MEM Access, AP 0x00000000, Addr 0xE000EDFC, Val 0x00000000, "DAP Write Memory (32 bit) - Success" - ID 289
07:49:44:215 (13/05/2023) - WRITE DP  Access, Addr 0x00000004, Val 0x00000000, "DAP Write DP - Success" - ID 290
